2024-10-14 12:33:17,783:INFO:====== WebDriver manager ======
2024-10-14 12:33:19,653:INFO:Get LATEST chromedriver version for google-chrome
2024-10-14 12:33:19,819:INFO:Get LATEST chromedriver version for google-chrome
2024-10-14 12:33:20,053:INFO:Get LATEST chromedriver version for google-chrome
2024-10-14 12:33:20,409:INFO:WebDriver version 129.0.6668.100 selected
2024-10-14 12:33:20,414:INFO:Modern chrome version https://storage.googleapis.com/chrome-for-testing-public/129.0.6668.100/win32/chromedriver-win32.zip
2024-10-14 12:33:20,414:INFO:About to download new driver from https://storage.googleapis.com/chrome-for-testing-public/129.0.6668.100/win32/chromedriver-win32.zip
2024-10-14 12:33:21,017:INFO:Driver downloading response is 200
2024-10-14 12:33:23,359:INFO:Get LATEST chromedriver version for google-chrome
2024-10-14 12:33:23,698:INFO:Driver has been saved in cache [C:\Users\acer\.wdm\drivers\chromedriver\win64\129.0.6668.100]
2024-10-14 12:34:00,598:ERROR:Could not access /safesearch?prev=https://www.google.com/search?q%3DDevOps%2BEngineer%2Bhiring%2Bcontact%2Bemail%26num%3D5&sa=X&ved=2ahUKEwi8iqv3po2JAxXDjJUCHfL1CZIQ8JsIegQIBxAH: Message: invalid argument
  (Session info: chrome=129.0.6668.90)
Stacktrace:
	GetHandleVerifier [0x00D85523+24195]
	(No symbol) [0x00D1AA04]
	(No symbol) [0x00C11F09]
	(No symbol) [0x00BFDB26]
	(No symbol) [0x00BFC373]
	(No symbol) [0x00BFC99B]
	(No symbol) [0x00C14B04]
	(No symbol) [0x00C95CD7]
	(No symbol) [0x00C7AB3C]
	(No symbol) [0x00C95280]
	(No symbol) [0x00C7A8D6]
	(No symbol) [0x00C4BA27]
	(No symbol) [0x00C4C43D]
	GetHandleVerifier [0x0104CE13+2938739]
	GetHandleVerifier [0x0109EC69+3274185]
	GetHandleVerifier [0x00E109C2+594722]
	GetHandleVerifier [0x00E17EDC+624700]
	(No symbol) [0x00D237CD]
	(No symbol) [0x00D20528]
	(No symbol) [0x00D206C5]
	(No symbol) [0x00D12CA6]
	BaseThreadInitThunk [0x771D7BA9+25]
	RtlInitializeExceptionChain [0x77B6C0CB+107]
	RtlClearBits [0x77B6C04F+191]

2024-10-14 12:34:00,603:ERROR:Could not access /preferences?lang=1&hl=en&prev=https://www.google.com/search?q%3DDevOps%2BEngineer%2Bhiring%2Bcontact%2Bemail%26num%3D5%26sca_esv%3D3779ba0312543554#languages: Message: invalid argument
  (Session info: chrome=129.0.6668.90)
Stacktrace:
	GetHandleVerifier [0x00D85523+24195]
	(No symbol) [0x00D1AA04]
	(No symbol) [0x00C11F09]
	(No symbol) [0x00BFDB26]
	(No symbol) [0x00BFC373]
	(No symbol) [0x00BFC99B]
	(No symbol) [0x00C14B04]
	(No symbol) [0x00C95CD7]
	(No symbol) [0x00C7AB3C]
	(No symbol) [0x00C95280]
	(No symbol) [0x00C7A8D6]
	(No symbol) [0x00C4BA27]
	(No symbol) [0x00C4C43D]
	GetHandleVerifier [0x0104CE13+2938739]
	GetHandleVerifier [0x0109EC69+3274185]
	GetHandleVerifier [0x00E109C2+594722]
	GetHandleVerifier [0x00E17EDC+624700]
	(No symbol) [0x00D237CD]
	(No symbol) [0x00D20528]
	(No symbol) [0x00D206C5]
	(No symbol) [0x00D12CA6]
	BaseThreadInitThunk [0x771D7BA9+25]
	RtlInitializeExceptionChain [0x77B6C0CB+107]
	RtlClearBits [0x77B6C04F+191]

2024-10-14 12:34:00,607:ERROR:Could not access /setprefs?hl=en&prev=https://www.google.com/search?q%3DDevOps%2BEngineer%2Bhiring%2Bcontact%2Bemail%26num%3D5%26pccc%3D1&sig=0_FD42CCtRDWvQEcuyWAJ1ICKxlHQ%3D&cs=2&sa=X&ved=2ahUKEwi8iqv3po2JAxXDjJUCHfL1CZIQqsEHegQIBxAJ&ictx=1: Message: invalid argument
  (Session info: chrome=129.0.6668.90)
Stacktrace:
	GetHandleVerifier [0x00D85523+24195]
	(No symbol) [0x00D1AA04]
	(No symbol) [0x00C11F09]
	(No symbol) [0x00BFDB26]
	(No symbol) [0x00BFC373]
	(No symbol) [0x00BFC99B]
	(No symbol) [0x00C14B04]
	(No symbol) [0x00C95CD7]
	(No symbol) [0x00C7AB3C]
	(No symbol) [0x00C95280]
	(No symbol) [0x00C7A8D6]
	(No symbol) [0x00C4BA27]
	(No symbol) [0x00C4C43D]
	GetHandleVerifier [0x0104CE13+2938739]
	GetHandleVerifier [0x0109EC69+3274185]
	GetHandleVerifier [0x00E109C2+594722]
	GetHandleVerifier [0x00E17EDC+624700]
	(No symbol) [0x00D237CD]
	(No symbol) [0x00D20528]
	(No symbol) [0x00D206C5]
	(No symbol) [0x00D12CA6]
	BaseThreadInitThunk [0x771D7BA9+25]
	RtlInitializeExceptionChain [0x77B6C0CB+107]
	RtlClearBits [0x77B6C04F+191]

2024-10-14 12:34:00,612:ERROR:Could not access /preferences?hl=en&prev=https://www.google.com/search?q%3DDevOps%2BEngineer%2Bhiring%2Bcontact%2Bemail%26num%3D5%26sca_esv%3D3779ba0312543554: Message: invalid argument
  (Session info: chrome=129.0.6668.90)
Stacktrace:
	GetHandleVerifier [0x00D85523+24195]
	(No symbol) [0x00D1AA04]
	(No symbol) [0x00C11F09]
	(No symbol) [0x00BFDB26]
	(No symbol) [0x00BFC373]
	(No symbol) [0x00BFC99B]
	(No symbol) [0x00C14B04]
	(No symbol) [0x00C95CD7]
	(No symbol) [0x00C7AB3C]
	(No symbol) [0x00C95280]
	(No symbol) [0x00C7A8D6]
	(No symbol) [0x00C4BA27]
	(No symbol) [0x00C4C43D]
	GetHandleVerifier [0x0104CE13+2938739]
	GetHandleVerifier [0x0109EC69+3274185]
	GetHandleVerifier [0x00E109C2+594722]
	GetHandleVerifier [0x00E17EDC+624700]
	(No symbol) [0x00D237CD]
	(No symbol) [0x00D20528]
	(No symbol) [0x00D206C5]
	(No symbol) [0x00D12CA6]
	BaseThreadInitThunk [0x771D7BA9+25]
	RtlInitializeExceptionChain [0x77B6C0CB+107]
	RtlClearBits [0x77B6C04F+191]

2024-10-14 12:35:13,214:ERROR:Could not access /safesearch?prev=https://www.google.com/search?q%3DAWS%2BDevOps%2Bhiring%2Bemail%26num%3D5&sa=X&ved=2ahUKEwjc9PObp42JAxU4q5UCHaM7BIAQ8JsIegQIBxAH: Message: invalid argument
  (Session info: chrome=129.0.6668.90)
Stacktrace:
	GetHandleVerifier [0x00D85523+24195]
	(No symbol) [0x00D1AA04]
	(No symbol) [0x00C11F09]
	(No symbol) [0x00BFDB26]
	(No symbol) [0x00BFC373]
	(No symbol) [0x00BFC99B]
	(No symbol) [0x00C14B04]
	(No symbol) [0x00C95CD7]
	(No symbol) [0x00C7AB3C]
	(No symbol) [0x00C95280]
	(No symbol) [0x00C7A8D6]
	(No symbol) [0x00C4BA27]
	(No symbol) [0x00C4C43D]
	GetHandleVerifier [0x0104CE13+2938739]
	GetHandleVerifier [0x0109EC69+3274185]
	GetHandleVerifier [0x00E109C2+594722]
	GetHandleVerifier [0x00E17EDC+624700]
	(No symbol) [0x00D237CD]
	(No symbol) [0x00D20528]
	(No symbol) [0x00D206C5]
	(No symbol) [0x00D12CA6]
	BaseThreadInitThunk [0x771D7BA9+25]
	RtlInitializeExceptionChain [0x77B6C0CB+107]
	RtlClearBits [0x77B6C04F+191]

2024-10-14 12:35:13,219:ERROR:Could not access /preferences?lang=1&hl=en&prev=https://www.google.com/search?q%3DAWS%2BDevOps%2Bhiring%2Bemail%26num%3D5%26sca_esv%3D3779ba0312543554#languages: Message: invalid argument
  (Session info: chrome=129.0.6668.90)
Stacktrace:
	GetHandleVerifier [0x00D85523+24195]
	(No symbol) [0x00D1AA04]
	(No symbol) [0x00C11F09]
	(No symbol) [0x00BFDB26]
	(No symbol) [0x00BFC373]
	(No symbol) [0x00BFC99B]
	(No symbol) [0x00C14B04]
	(No symbol) [0x00C95CD7]
	(No symbol) [0x00C7AB3C]
	(No symbol) [0x00C95280]
	(No symbol) [0x00C7A8D6]
	(No symbol) [0x00C4BA27]
	(No symbol) [0x00C4C43D]
	GetHandleVerifier [0x0104CE13+2938739]
	GetHandleVerifier [0x0109EC69+3274185]
	GetHandleVerifier [0x00E109C2+594722]
	GetHandleVerifier [0x00E17EDC+624700]
	(No symbol) [0x00D237CD]
	(No symbol) [0x00D20528]
	(No symbol) [0x00D206C5]
	(No symbol) [0x00D12CA6]
	BaseThreadInitThunk [0x771D7BA9+25]
	RtlInitializeExceptionChain [0x77B6C0CB+107]
	RtlClearBits [0x77B6C04F+191]

2024-10-14 12:35:13,224:ERROR:Could not access /setprefs?hl=en&prev=https://www.google.com/search?q%3DAWS%2BDevOps%2Bhiring%2Bemail%26num%3D5%26pccc%3D1&sig=0_FD42CCtRDWvQEcuyWAJ1ICKxlHQ%3D&cs=1&sa=X&ved=2ahUKEwjc9PObp42JAxU4q5UCHaM7BIAQqsEHegQIBxAJ&ictx=1: Message: invalid argument
  (Session info: chrome=129.0.6668.90)
Stacktrace:
	GetHandleVerifier [0x00D85523+24195]
	(No symbol) [0x00D1AA04]
	(No symbol) [0x00C11F09]
	(No symbol) [0x00BFDB26]
	(No symbol) [0x00BFC373]
	(No symbol) [0x00BFC99B]
	(No symbol) [0x00C14B04]
	(No symbol) [0x00C95CD7]
	(No symbol) [0x00C7AB3C]
	(No symbol) [0x00C95280]
	(No symbol) [0x00C7A8D6]
	(No symbol) [0x00C4BA27]
	(No symbol) [0x00C4C43D]
	GetHandleVerifier [0x0104CE13+2938739]
	GetHandleVerifier [0x0109EC69+3274185]
	GetHandleVerifier [0x00E109C2+594722]
	GetHandleVerifier [0x00E17EDC+624700]
	(No symbol) [0x00D237CD]
	(No symbol) [0x00D20528]
	(No symbol) [0x00D206C5]
	(No symbol) [0x00D12CA6]
	BaseThreadInitThunk [0x771D7BA9+25]
	RtlInitializeExceptionChain [0x77B6C0CB+107]
	RtlClearBits [0x77B6C04F+191]

2024-10-14 12:35:13,228:ERROR:Could not access /preferences?hl=en&prev=https://www.google.com/search?q%3DAWS%2BDevOps%2Bhiring%2Bemail%26num%3D5%26sca_esv%3D3779ba0312543554: Message: invalid argument
  (Session info: chrome=129.0.6668.90)
Stacktrace:
	GetHandleVerifier [0x00D85523+24195]
	(No symbol) [0x00D1AA04]
	(No symbol) [0x00C11F09]
	(No symbol) [0x00BFDB26]
	(No symbol) [0x00BFC373]
	(No symbol) [0x00BFC99B]
	(No symbol) [0x00C14B04]
	(No symbol) [0x00C95CD7]
	(No symbol) [0x00C7AB3C]
	(No symbol) [0x00C95280]
	(No symbol) [0x00C7A8D6]
	(No symbol) [0x00C4BA27]
	(No symbol) [0x00C4C43D]
	GetHandleVerifier [0x0104CE13+2938739]
	GetHandleVerifier [0x0109EC69+3274185]
	GetHandleVerifier [0x00E109C2+594722]
	GetHandleVerifier [0x00E17EDC+624700]
	(No symbol) [0x00D237CD]
	(No symbol) [0x00D20528]
	(No symbol) [0x00D206C5]
	(No symbol) [0x00D12CA6]
	BaseThreadInitThunk [0x771D7BA9+25]
	RtlInitializeExceptionChain [0x77B6C0CB+107]
	RtlClearBits [0x77B6C04F+191]

2024-10-14 12:36:22,425:WARNING:Retrying (Retry(total=2, connect=None, read=None, redirect=None, status=None)) after connection broken by 'NewConnectionError('<urllib3.connection.HTTPConnection object at 0x0000026B32813A10>: Failed to establish a new connection: [WinError 10061] No connection could be made because the target machine actively refused it')': /session/74075040b10e4fdae197f8f151602382/source
2024-10-14 12:36:26,498:WARNING:Retrying (Retry(total=1, connect=None, read=None, redirect=None, status=None)) after connection broken by 'NewConnectionError('<urllib3.connection.HTTPConnection object at 0x0000026B30DC9430>: Failed to establish a new connection: [WinError 10061] No connection could be made because the target machine actively refused it')': /session/74075040b10e4fdae197f8f151602382/source
2024-10-14 12:36:30,537:WARNING:Retrying (Retry(total=0, connect=None, read=None, redirect=None, status=None)) after connection broken by 'NewConnectionError('<urllib3.connection.HTTPConnection object at 0x0000026B330AA750>: Failed to establish a new connection: [WinError 10061] No connection could be made because the target machine actively refused it')': /session/74075040b10e4fdae197f8f151602382/source
2024-10-14 12:39:00,894:INFO:====== WebDriver manager ======
2024-10-14 12:39:02,385:INFO:Get LATEST chromedriver version for google-chrome
2024-10-14 12:39:02,724:INFO:Get LATEST chromedriver version for google-chrome
2024-10-14 12:39:02,780:INFO:Driver [C:\Users\acer\.wdm\drivers\chromedriver\win64\129.0.6668.100\chromedriver-win32/chromedriver.exe] found in cache
2024-10-14 12:39:37,919:ERROR:Could not access /safesearch?prev=https://www.google.com/search?q%3DEllipsis%26num%3D5&sa=X&ved=2ahUKEwiBwOmYqI2JAxWSTGwGHbYBC4UQ8JsIegQIBRAH: Message: invalid argument
  (Session info: chrome=129.0.6668.90)
Stacktrace:
	GetHandleVerifier [0x00D85523+24195]
	(No symbol) [0x00D1AA04]
	(No symbol) [0x00C11F09]
	(No symbol) [0x00BFDB26]
	(No symbol) [0x00BFC373]
	(No symbol) [0x00BFC99B]
	(No symbol) [0x00C14B04]
	(No symbol) [0x00C95CD7]
	(No symbol) [0x00C7AB3C]
	(No symbol) [0x00C95280]
	(No symbol) [0x00C7A8D6]
	(No symbol) [0x00C4BA27]
	(No symbol) [0x00C4C43D]
	GetHandleVerifier [0x0104CE13+2938739]
	GetHandleVerifier [0x0109EC69+3274185]
	GetHandleVerifier [0x00E109C2+594722]
	GetHandleVerifier [0x00E17EDC+624700]
	(No symbol) [0x00D237CD]
	(No symbol) [0x00D20528]
	(No symbol) [0x00D206C5]
	(No symbol) [0x00D12CA6]
	BaseThreadInitThunk [0x771D7BA9+25]
	RtlInitializeExceptionChain [0x77B6C0CB+107]
	RtlClearBits [0x77B6C04F+191]

2024-10-14 12:39:37,926:ERROR:Could not access /preferences?lang=1&hl=en&prev=https://www.google.com/search?q%3DEllipsis%26num%3D5%26sca_esv%3D3779ba0312543554#languages: Message: invalid argument
  (Session info: chrome=129.0.6668.90)
Stacktrace:
	GetHandleVerifier [0x00D85523+24195]
	(No symbol) [0x00D1AA04]
	(No symbol) [0x00C11F09]
	(No symbol) [0x00BFDB26]
	(No symbol) [0x00BFC373]
	(No symbol) [0x00BFC99B]
	(No symbol) [0x00C14B04]
	(No symbol) [0x00C95CD7]
	(No symbol) [0x00C7AB3C]
	(No symbol) [0x00C95280]
	(No symbol) [0x00C7A8D6]
	(No symbol) [0x00C4BA27]
	(No symbol) [0x00C4C43D]
	GetHandleVerifier [0x0104CE13+2938739]
	GetHandleVerifier [0x0109EC69+3274185]
	GetHandleVerifier [0x00E109C2+594722]
	GetHandleVerifier [0x00E17EDC+624700]
	(No symbol) [0x00D237CD]
	(No symbol) [0x00D20528]
	(No symbol) [0x00D206C5]
	(No symbol) [0x00D12CA6]
	BaseThreadInitThunk [0x771D7BA9+25]
	RtlInitializeExceptionChain [0x77B6C0CB+107]
	RtlClearBits [0x77B6C04F+191]

2024-10-14 12:39:37,931:ERROR:Could not access /setprefs?hl=en&prev=https://www.google.com/search?q%3DEllipsis%26num%3D5%26pccc%3D1&sig=0_lPrueFZybF48zlXyG2UWaRuqpz0%3D&cs=2&sa=X&ved=2ahUKEwiBwOmYqI2JAxWSTGwGHbYBC4UQqsEHegQIBRAJ&ictx=1: Message: invalid argument
  (Session info: chrome=129.0.6668.90)
Stacktrace:
	GetHandleVerifier [0x00D85523+24195]
	(No symbol) [0x00D1AA04]
	(No symbol) [0x00C11F09]
	(No symbol) [0x00BFDB26]
	(No symbol) [0x00BFC373]
	(No symbol) [0x00BFC99B]
	(No symbol) [0x00C14B04]
	(No symbol) [0x00C95CD7]
	(No symbol) [0x00C7AB3C]
	(No symbol) [0x00C95280]
	(No symbol) [0x00C7A8D6]
	(No symbol) [0x00C4BA27]
	(No symbol) [0x00C4C43D]
	GetHandleVerifier [0x0104CE13+2938739]
	GetHandleVerifier [0x0109EC69+3274185]
	GetHandleVerifier [0x00E109C2+594722]
	GetHandleVerifier [0x00E17EDC+624700]
	(No symbol) [0x00D237CD]
	(No symbol) [0x00D20528]
	(No symbol) [0x00D206C5]
	(No symbol) [0x00D12CA6]
	BaseThreadInitThunk [0x771D7BA9+25]
	RtlInitializeExceptionChain [0x77B6C0CB+107]
	RtlClearBits [0x77B6C04F+191]

2024-10-14 12:39:37,937:ERROR:Could not access /preferences?hl=en&prev=https://www.google.com/search?q%3DEllipsis%26num%3D5%26sca_esv%3D3779ba0312543554: Message: invalid argument
  (Session info: chrome=129.0.6668.90)
Stacktrace:
	GetHandleVerifier [0x00D85523+24195]
	(No symbol) [0x00D1AA04]
	(No symbol) [0x00C11F09]
	(No symbol) [0x00BFDB26]
	(No symbol) [0x00BFC373]
	(No symbol) [0x00BFC99B]
	(No symbol) [0x00C14B04]
	(No symbol) [0x00C95CD7]
	(No symbol) [0x00C7AB3C]
	(No symbol) [0x00C95280]
	(No symbol) [0x00C7A8D6]
	(No symbol) [0x00C4BA27]
	(No symbol) [0x00C4C43D]
	GetHandleVerifier [0x0104CE13+2938739]
	GetHandleVerifier [0x0109EC69+3274185]
	GetHandleVerifier [0x00E109C2+594722]
	GetHandleVerifier [0x00E17EDC+624700]
	(No symbol) [0x00D237CD]
	(No symbol) [0x00D20528]
	(No symbol) [0x00D206C5]
	(No symbol) [0x00D12CA6]
	BaseThreadInitThunk [0x771D7BA9+25]
	RtlInitializeExceptionChain [0x77B6C0CB+107]
	RtlClearBits [0x77B6C04F+191]

2024-10-14 12:41:14,838:WARNING:Retrying (Retry(total=2, connect=None, read=None, redirect=None, status=None)) after connection broken by 'NewConnectionError('<urllib3.connection.HTTPConnection object at 0x00000200E5FDFD10>: Failed to establish a new connection: [WinError 10061] No connection could be made because the target machine actively refused it')': /session/40cf5870942c1aa2ea3ed0dd4e495764/source
2024-10-14 12:41:18,975:WARNING:Retrying (Retry(total=1, connect=None, read=None, redirect=None, status=None)) after connection broken by 'NewConnectionError('<urllib3.connection.HTTPConnection object at 0x00000200E514B920>: Failed to establish a new connection: [WinError 10061] No connection could be made because the target machine actively refused it')': /session/40cf5870942c1aa2ea3ed0dd4e495764/source
2024-10-14 12:43:36,866:INFO:====== WebDriver manager ======
2024-10-14 12:43:38,319:INFO:Get LATEST chromedriver version for google-chrome
2024-10-14 12:43:38,382:INFO:Get LATEST chromedriver version for google-chrome
2024-10-14 12:43:38,428:INFO:Driver [C:\Users\acer\.wdm\drivers\chromedriver\win64\129.0.6668.100\chromedriver-win32/chromedriver.exe] found in cache
2024-10-14 12:44:16,190:ERROR:Could not access /safesearch?prev=https://www.google.com/search?q%3DDevOps%2BEngineer%2Bhiring%2Bcontact%2Bemail%26num%3D5&sa=X&ved=2ahUKEwjk2pycqY2JAxUhxjgGHSxkKq8Q8JsIegQIBBAH: Message: invalid argument
  (Session info: chrome=129.0.6668.90)
Stacktrace:
	GetHandleVerifier [0x00D85523+24195]
	(No symbol) [0x00D1AA04]
	(No symbol) [0x00C11F09]
	(No symbol) [0x00BFDB26]
	(No symbol) [0x00BFC373]
	(No symbol) [0x00BFC99B]
	(No symbol) [0x00C14B04]
	(No symbol) [0x00C95CD7]
	(No symbol) [0x00C7AB3C]
	(No symbol) [0x00C95280]
	(No symbol) [0x00C7A8D6]
	(No symbol) [0x00C4BA27]
	(No symbol) [0x00C4C43D]
	GetHandleVerifier [0x0104CE13+2938739]
	GetHandleVerifier [0x0109EC69+3274185]
	GetHandleVerifier [0x00E109C2+594722]
	GetHandleVerifier [0x00E17EDC+624700]
	(No symbol) [0x00D237CD]
	(No symbol) [0x00D20528]
	(No symbol) [0x00D206C5]
	(No symbol) [0x00D12CA6]
	BaseThreadInitThunk [0x771D7BA9+25]
	RtlInitializeExceptionChain [0x77B6C0CB+107]
	RtlClearBits [0x77B6C04F+191]

2024-10-14 12:44:16,197:ERROR:Could not access /preferences?lang=1&hl=en&prev=https://www.google.com/search?q%3DDevOps%2BEngineer%2Bhiring%2Bcontact%2Bemail%26num%3D5%26sca_esv%3D3779ba0312543554#languages: Message: invalid argument
  (Session info: chrome=129.0.6668.90)
Stacktrace:
	GetHandleVerifier [0x00D85523+24195]
	(No symbol) [0x00D1AA04]
	(No symbol) [0x00C11F09]
	(No symbol) [0x00BFDB26]
	(No symbol) [0x00BFC373]
	(No symbol) [0x00BFC99B]
	(No symbol) [0x00C14B04]
	(No symbol) [0x00C95CD7]
	(No symbol) [0x00C7AB3C]
	(No symbol) [0x00C95280]
	(No symbol) [0x00C7A8D6]
	(No symbol) [0x00C4BA27]
	(No symbol) [0x00C4C43D]
	GetHandleVerifier [0x0104CE13+2938739]
	GetHandleVerifier [0x0109EC69+3274185]
	GetHandleVerifier [0x00E109C2+594722]
	GetHandleVerifier [0x00E17EDC+624700]
	(No symbol) [0x00D237CD]
	(No symbol) [0x00D20528]
	(No symbol) [0x00D206C5]
	(No symbol) [0x00D12CA6]
	BaseThreadInitThunk [0x771D7BA9+25]
	RtlInitializeExceptionChain [0x77B6C0CB+107]
	RtlClearBits [0x77B6C04F+191]

2024-10-14 12:44:16,202:ERROR:Could not access /setprefs?hl=en&prev=https://www.google.com/search?q%3DDevOps%2BEngineer%2Bhiring%2Bcontact%2Bemail%26num%3D5%26pccc%3D1&sig=0_OUQ8_GMQ05rEJbKy7mfKaIpIT2I%3D&cs=2&sa=X&ved=2ahUKEwjk2pycqY2JAxUhxjgGHSxkKq8QqsEHegQIBBAJ&ictx=1: Message: invalid argument
  (Session info: chrome=129.0.6668.90)
Stacktrace:
	GetHandleVerifier [0x00D85523+24195]
	(No symbol) [0x00D1AA04]
	(No symbol) [0x00C11F09]
	(No symbol) [0x00BFDB26]
	(No symbol) [0x00BFC373]
	(No symbol) [0x00BFC99B]
	(No symbol) [0x00C14B04]
	(No symbol) [0x00C95CD7]
	(No symbol) [0x00C7AB3C]
	(No symbol) [0x00C95280]
	(No symbol) [0x00C7A8D6]
	(No symbol) [0x00C4BA27]
	(No symbol) [0x00C4C43D]
	GetHandleVerifier [0x0104CE13+2938739]
	GetHandleVerifier [0x0109EC69+3274185]
	GetHandleVerifier [0x00E109C2+594722]
	GetHandleVerifier [0x00E17EDC+624700]
	(No symbol) [0x00D237CD]
	(No symbol) [0x00D20528]
	(No symbol) [0x00D206C5]
	(No symbol) [0x00D12CA6]
	BaseThreadInitThunk [0x771D7BA9+25]
	RtlInitializeExceptionChain [0x77B6C0CB+107]
	RtlClearBits [0x77B6C04F+191]

2024-10-14 12:44:16,206:ERROR:Could not access /preferences?hl=en&prev=https://www.google.com/search?q%3DDevOps%2BEngineer%2Bhiring%2Bcontact%2Bemail%26num%3D5%26sca_esv%3D3779ba0312543554: Message: invalid argument
  (Session info: chrome=129.0.6668.90)
Stacktrace:
	GetHandleVerifier [0x00D85523+24195]
	(No symbol) [0x00D1AA04]
	(No symbol) [0x00C11F09]
	(No symbol) [0x00BFDB26]
	(No symbol) [0x00BFC373]
	(No symbol) [0x00BFC99B]
	(No symbol) [0x00C14B04]
	(No symbol) [0x00C95CD7]
	(No symbol) [0x00C7AB3C]
	(No symbol) [0x00C95280]
	(No symbol) [0x00C7A8D6]
	(No symbol) [0x00C4BA27]
	(No symbol) [0x00C4C43D]
	GetHandleVerifier [0x0104CE13+2938739]
	GetHandleVerifier [0x0109EC69+3274185]
	GetHandleVerifier [0x00E109C2+594722]
	GetHandleVerifier [0x00E17EDC+624700]
	(No symbol) [0x00D237CD]
	(No symbol) [0x00D20528]
	(No symbol) [0x00D206C5]
	(No symbol) [0x00D12CA6]
	BaseThreadInitThunk [0x771D7BA9+25]
	RtlInitializeExceptionChain [0x77B6C0CB+107]
	RtlClearBits [0x77B6C04F+191]

2024-10-14 12:46:24,927:ERROR:Could not access /safesearch?prev=https://www.google.com/search?q%3DAWS%2BDevOps%2Bhiring%2Bemail%26num%3D5&sa=X&ved=2ahUKEwjk4pzcqY2JAxWD4TgGHZQkLegQ8JsIegQIBhAH: Message: invalid argument
  (Session info: chrome=129.0.6668.90)
Stacktrace:
	GetHandleVerifier [0x00D85523+24195]
	(No symbol) [0x00D1AA04]
	(No symbol) [0x00C11F09]
	(No symbol) [0x00BFDB26]
	(No symbol) [0x00BFC373]
	(No symbol) [0x00BFC99B]
	(No symbol) [0x00C14B04]
	(No symbol) [0x00C95CD7]
	(No symbol) [0x00C7AB3C]
	(No symbol) [0x00C95280]
	(No symbol) [0x00C7A8D6]
	(No symbol) [0x00C4BA27]
	(No symbol) [0x00C4C43D]
	GetHandleVerifier [0x0104CE13+2938739]
	GetHandleVerifier [0x0109EC69+3274185]
	GetHandleVerifier [0x00E109C2+594722]
	GetHandleVerifier [0x00E17EDC+624700]
	(No symbol) [0x00D237CD]
	(No symbol) [0x00D20528]
	(No symbol) [0x00D206C5]
	(No symbol) [0x00D12CA6]
	BaseThreadInitThunk [0x771D7BA9+25]
	RtlInitializeExceptionChain [0x77B6C0CB+107]
	RtlClearBits [0x77B6C04F+191]

2024-10-14 12:46:24,933:ERROR:Could not access /preferences?lang=1&hl=en&prev=https://www.google.com/search?q%3DAWS%2BDevOps%2Bhiring%2Bemail%26num%3D5%26sca_esv%3D3779ba0312543554#languages: Message: invalid argument
  (Session info: chrome=129.0.6668.90)
Stacktrace:
	GetHandleVerifier [0x00D85523+24195]
	(No symbol) [0x00D1AA04]
	(No symbol) [0x00C11F09]
	(No symbol) [0x00BFDB26]
	(No symbol) [0x00BFC373]
	(No symbol) [0x00BFC99B]
	(No symbol) [0x00C14B04]
	(No symbol) [0x00C95CD7]
	(No symbol) [0x00C7AB3C]
	(No symbol) [0x00C95280]
	(No symbol) [0x00C7A8D6]
	(No symbol) [0x00C4BA27]
	(No symbol) [0x00C4C43D]
	GetHandleVerifier [0x0104CE13+2938739]
	GetHandleVerifier [0x0109EC69+3274185]
	GetHandleVerifier [0x00E109C2+594722]
	GetHandleVerifier [0x00E17EDC+624700]
	(No symbol) [0x00D237CD]
	(No symbol) [0x00D20528]
	(No symbol) [0x00D206C5]
	(No symbol) [0x00D12CA6]
	BaseThreadInitThunk [0x771D7BA9+25]
	RtlInitializeExceptionChain [0x77B6C0CB+107]
	RtlClearBits [0x77B6C04F+191]

2024-10-14 12:46:24,939:ERROR:Could not access /setprefs?hl=en&prev=https://www.google.com/search?q%3DAWS%2BDevOps%2Bhiring%2Bemail%26num%3D5%26pccc%3D1&sig=0_OUQ8_GMQ05rEJbKy7mfKaIpIT2I%3D&cs=1&sa=X&ved=2ahUKEwjk4pzcqY2JAxWD4TgGHZQkLegQqsEHegQIBhAJ&ictx=1: Message: invalid argument
  (Session info: chrome=129.0.6668.90)
Stacktrace:
	GetHandleVerifier [0x00D85523+24195]
	(No symbol) [0x00D1AA04]
	(No symbol) [0x00C11F09]
	(No symbol) [0x00BFDB26]
	(No symbol) [0x00BFC373]
	(No symbol) [0x00BFC99B]
	(No symbol) [0x00C14B04]
	(No symbol) [0x00C95CD7]
	(No symbol) [0x00C7AB3C]
	(No symbol) [0x00C95280]
	(No symbol) [0x00C7A8D6]
	(No symbol) [0x00C4BA27]
	(No symbol) [0x00C4C43D]
	GetHandleVerifier [0x0104CE13+2938739]
	GetHandleVerifier [0x0109EC69+3274185]
	GetHandleVerifier [0x00E109C2+594722]
	GetHandleVerifier [0x00E17EDC+624700]
	(No symbol) [0x00D237CD]
	(No symbol) [0x00D20528]
	(No symbol) [0x00D206C5]
	(No symbol) [0x00D12CA6]
	BaseThreadInitThunk [0x771D7BA9+25]
	RtlInitializeExceptionChain [0x77B6C0CB+107]
	RtlClearBits [0x77B6C04F+191]

2024-10-14 12:46:24,944:ERROR:Could not access /preferences?hl=en&prev=https://www.google.com/search?q%3DAWS%2BDevOps%2Bhiring%2Bemail%26num%3D5%26sca_esv%3D3779ba0312543554: Message: invalid argument
  (Session info: chrome=129.0.6668.90)
Stacktrace:
	GetHandleVerifier [0x00D85523+24195]
	(No symbol) [0x00D1AA04]
	(No symbol) [0x00C11F09]
	(No symbol) [0x00BFDB26]
	(No symbol) [0x00BFC373]
	(No symbol) [0x00BFC99B]
	(No symbol) [0x00C14B04]
	(No symbol) [0x00C95CD7]
	(No symbol) [0x00C7AB3C]
	(No symbol) [0x00C95280]
	(No symbol) [0x00C7A8D6]
	(No symbol) [0x00C4BA27]
	(No symbol) [0x00C4C43D]
	GetHandleVerifier [0x0104CE13+2938739]
	GetHandleVerifier [0x0109EC69+3274185]
	GetHandleVerifier [0x00E109C2+594722]
	GetHandleVerifier [0x00E17EDC+624700]
	(No symbol) [0x00D237CD]
	(No symbol) [0x00D20528]
	(No symbol) [0x00D206C5]
	(No symbol) [0x00D12CA6]
	BaseThreadInitThunk [0x771D7BA9+25]
	RtlInitializeExceptionChain [0x77B6C0CB+107]
	RtlClearBits [0x77B6C04F+191]

2024-10-14 12:48:12,618:ERROR:Could not access /safesearch?prev=https://www.google.com/search?q%3DHiring%2BSRE%2Bcontact%2Bemails%26num%3D5&sa=X&ved=2ahUKEwi4zMqQqo2JAxU4zDgGHUsnDCAQ8JsIegQIBBAH: Message: invalid argument
  (Session info: chrome=129.0.6668.90)
Stacktrace:
	GetHandleVerifier [0x00D85523+24195]
	(No symbol) [0x00D1AA04]
	(No symbol) [0x00C11F09]
	(No symbol) [0x00BFDB26]
	(No symbol) [0x00BFC373]
	(No symbol) [0x00BFC99B]
	(No symbol) [0x00C14B04]
	(No symbol) [0x00C95CD7]
	(No symbol) [0x00C7AB3C]
	(No symbol) [0x00C95280]
	(No symbol) [0x00C7A8D6]
	(No symbol) [0x00C4BA27]
	(No symbol) [0x00C4C43D]
	GetHandleVerifier [0x0104CE13+2938739]
	GetHandleVerifier [0x0109EC69+3274185]
	GetHandleVerifier [0x00E109C2+594722]
	GetHandleVerifier [0x00E17EDC+624700]
	(No symbol) [0x00D237CD]
	(No symbol) [0x00D20528]
	(No symbol) [0x00D206C5]
	(No symbol) [0x00D12CA6]
	BaseThreadInitThunk [0x771D7BA9+25]
	RtlInitializeExceptionChain [0x77B6C0CB+107]
	RtlClearBits [0x77B6C04F+191]

2024-10-14 12:48:12,621:ERROR:Could not access /preferences?lang=1&hl=en&prev=https://www.google.com/search?q%3DHiring%2BSRE%2Bcontact%2Bemails%26num%3D5%26sca_esv%3D3779ba0312543554#languages: Message: invalid argument
  (Session info: chrome=129.0.6668.90)
Stacktrace:
	GetHandleVerifier [0x00D85523+24195]
	(No symbol) [0x00D1AA04]
	(No symbol) [0x00C11F09]
	(No symbol) [0x00BFDB26]
	(No symbol) [0x00BFC373]
	(No symbol) [0x00BFC99B]
	(No symbol) [0x00C14B04]
	(No symbol) [0x00C95CD7]
	(No symbol) [0x00C7AB3C]
	(No symbol) [0x00C95280]
	(No symbol) [0x00C7A8D6]
	(No symbol) [0x00C4BA27]
	(No symbol) [0x00C4C43D]
	GetHandleVerifier [0x0104CE13+2938739]
	GetHandleVerifier [0x0109EC69+3274185]
	GetHandleVerifier [0x00E109C2+594722]
	GetHandleVerifier [0x00E17EDC+624700]
	(No symbol) [0x00D237CD]
	(No symbol) [0x00D20528]
	(No symbol) [0x00D206C5]
	(No symbol) [0x00D12CA6]
	BaseThreadInitThunk [0x771D7BA9+25]
	RtlInitializeExceptionChain [0x77B6C0CB+107]
	RtlClearBits [0x77B6C04F+191]

2024-10-14 12:48:12,627:ERROR:Could not access /setprefs?hl=en&prev=https://www.google.com/search?q%3DHiring%2BSRE%2Bcontact%2Bemails%26num%3D5%26pccc%3D1&sig=0_OUQ8_GMQ05rEJbKy7mfKaIpIT2I%3D&cs=1&sa=X&ved=2ahUKEwi4zMqQqo2JAxU4zDgGHUsnDCAQqsEHegQIBBAJ&ictx=1: Message: invalid argument
  (Session info: chrome=129.0.6668.90)
Stacktrace:
	GetHandleVerifier [0x00D85523+24195]
	(No symbol) [0x00D1AA04]
	(No symbol) [0x00C11F09]
	(No symbol) [0x00BFDB26]
	(No symbol) [0x00BFC373]
	(No symbol) [0x00BFC99B]
	(No symbol) [0x00C14B04]
	(No symbol) [0x00C95CD7]
	(No symbol) [0x00C7AB3C]
	(No symbol) [0x00C95280]
	(No symbol) [0x00C7A8D6]
	(No symbol) [0x00C4BA27]
	(No symbol) [0x00C4C43D]
	GetHandleVerifier [0x0104CE13+2938739]
	GetHandleVerifier [0x0109EC69+3274185]
	GetHandleVerifier [0x00E109C2+594722]
	GetHandleVerifier [0x00E17EDC+624700]
	(No symbol) [0x00D237CD]
	(No symbol) [0x00D20528]
	(No symbol) [0x00D206C5]
	(No symbol) [0x00D12CA6]
	BaseThreadInitThunk [0x771D7BA9+25]
	RtlInitializeExceptionChain [0x77B6C0CB+107]
	RtlClearBits [0x77B6C04F+191]

2024-10-14 12:48:12,631:ERROR:Could not access /preferences?hl=en&prev=https://www.google.com/search?q%3DHiring%2BSRE%2Bcontact%2Bemails%26num%3D5%26sca_esv%3D3779ba0312543554: Message: invalid argument
  (Session info: chrome=129.0.6668.90)
Stacktrace:
	GetHandleVerifier [0x00D85523+24195]
	(No symbol) [0x00D1AA04]
	(No symbol) [0x00C11F09]
	(No symbol) [0x00BFDB26]
	(No symbol) [0x00BFC373]
	(No symbol) [0x00BFC99B]
	(No symbol) [0x00C14B04]
	(No symbol) [0x00C95CD7]
	(No symbol) [0x00C7AB3C]
	(No symbol) [0x00C95280]
	(No symbol) [0x00C7A8D6]
	(No symbol) [0x00C4BA27]
	(No symbol) [0x00C4C43D]
	GetHandleVerifier [0x0104CE13+2938739]
	GetHandleVerifier [0x0109EC69+3274185]
	GetHandleVerifier [0x00E109C2+594722]
	GetHandleVerifier [0x00E17EDC+624700]
	(No symbol) [0x00D237CD]
	(No symbol) [0x00D20528]
	(No symbol) [0x00D206C5]
	(No symbol) [0x00D12CA6]
	BaseThreadInitThunk [0x771D7BA9+25]
	RtlInitializeExceptionChain [0x77B6C0CB+107]
	RtlClearBits [0x77B6C04F+191]

2024-10-14 12:49:13,075:INFO:Email sent to: hello@equip.co
2024-10-14 12:49:17,552:INFO:Email sent to: 22a7fa009f5f4624ad4d9a50dc7180d1@o288839.ingest.sentry.io
2024-10-14 12:49:46,479:ERROR:Could not access /safesearch?prev=https://www.google.com/search?q%3DKubernetes%2BDevOps%2Bjob%2Bemail%26num%3D5&sa=X&ved=2ahUKEwjn6_a9qo2JAxVrzDgGHchBMRYQ8JsIegQIBhAH: Message: invalid argument
  (Session info: chrome=129.0.6668.90)
Stacktrace:
	GetHandleVerifier [0x00D85523+24195]
	(No symbol) [0x00D1AA04]
	(No symbol) [0x00C11F09]
	(No symbol) [0x00BFDB26]
	(No symbol) [0x00BFC373]
	(No symbol) [0x00BFC99B]
	(No symbol) [0x00C14B04]
	(No symbol) [0x00C95CD7]
	(No symbol) [0x00C7AB3C]
	(No symbol) [0x00C95280]
	(No symbol) [0x00C7A8D6]
	(No symbol) [0x00C4BA27]
	(No symbol) [0x00C4C43D]
	GetHandleVerifier [0x0104CE13+2938739]
	GetHandleVerifier [0x0109EC69+3274185]
	GetHandleVerifier [0x00E109C2+594722]
	GetHandleVerifier [0x00E17EDC+624700]
	(No symbol) [0x00D237CD]
	(No symbol) [0x00D20528]
	(No symbol) [0x00D206C5]
	(No symbol) [0x00D12CA6]
	BaseThreadInitThunk [0x771D7BA9+25]
	RtlInitializeExceptionChain [0x77B6C0CB+107]
	RtlClearBits [0x77B6C04F+191]

2024-10-14 12:49:46,485:ERROR:Could not access /preferences?lang=1&hl=en&prev=https://www.google.com/search?q%3DKubernetes%2BDevOps%2Bjob%2Bemail%26num%3D5%26sca_esv%3D3779ba0312543554#languages: Message: invalid argument
  (Session info: chrome=129.0.6668.90)
Stacktrace:
	GetHandleVerifier [0x00D85523+24195]
	(No symbol) [0x00D1AA04]
	(No symbol) [0x00C11F09]
	(No symbol) [0x00BFDB26]
	(No symbol) [0x00BFC373]
	(No symbol) [0x00BFC99B]
	(No symbol) [0x00C14B04]
	(No symbol) [0x00C95CD7]
	(No symbol) [0x00C7AB3C]
	(No symbol) [0x00C95280]
	(No symbol) [0x00C7A8D6]
	(No symbol) [0x00C4BA27]
	(No symbol) [0x00C4C43D]
	GetHandleVerifier [0x0104CE13+2938739]
	GetHandleVerifier [0x0109EC69+3274185]
	GetHandleVerifier [0x00E109C2+594722]
	GetHandleVerifier [0x00E17EDC+624700]
	(No symbol) [0x00D237CD]
	(No symbol) [0x00D20528]
	(No symbol) [0x00D206C5]
	(No symbol) [0x00D12CA6]
	BaseThreadInitThunk [0x771D7BA9+25]
	RtlInitializeExceptionChain [0x77B6C0CB+107]
	RtlClearBits [0x77B6C04F+191]

2024-10-14 12:49:46,493:ERROR:Could not access /setprefs?hl=en&prev=https://www.google.com/search?q%3DKubernetes%2BDevOps%2Bjob%2Bemail%26num%3D5%26pccc%3D1&sig=0_OUQ8_GMQ05rEJbKy7mfKaIpIT2I%3D&cs=1&sa=X&ved=2ahUKEwjn6_a9qo2JAxVrzDgGHchBMRYQqsEHegQIBhAJ&ictx=1: Message: invalid argument
  (Session info: chrome=129.0.6668.90)
Stacktrace:
	GetHandleVerifier [0x00D85523+24195]
	(No symbol) [0x00D1AA04]
	(No symbol) [0x00C11F09]
	(No symbol) [0x00BFDB26]
	(No symbol) [0x00BFC373]
	(No symbol) [0x00BFC99B]
	(No symbol) [0x00C14B04]
	(No symbol) [0x00C95CD7]
	(No symbol) [0x00C7AB3C]
	(No symbol) [0x00C95280]
	(No symbol) [0x00C7A8D6]
	(No symbol) [0x00C4BA27]
	(No symbol) [0x00C4C43D]
	GetHandleVerifier [0x0104CE13+2938739]
	GetHandleVerifier [0x0109EC69+3274185]
	GetHandleVerifier [0x00E109C2+594722]
	GetHandleVerifier [0x00E17EDC+624700]
	(No symbol) [0x00D237CD]
	(No symbol) [0x00D20528]
	(No symbol) [0x00D206C5]
	(No symbol) [0x00D12CA6]
	BaseThreadInitThunk [0x771D7BA9+25]
	RtlInitializeExceptionChain [0x77B6C0CB+107]
	RtlClearBits [0x77B6C04F+191]

2024-10-14 12:49:46,499:ERROR:Could not access /preferences?hl=en&prev=https://www.google.com/search?q%3DKubernetes%2BDevOps%2Bjob%2Bemail%26num%3D5%26sca_esv%3D3779ba0312543554: Message: invalid argument
  (Session info: chrome=129.0.6668.90)
Stacktrace:
	GetHandleVerifier [0x00D85523+24195]
	(No symbol) [0x00D1AA04]
	(No symbol) [0x00C11F09]
	(No symbol) [0x00BFDB26]
	(No symbol) [0x00BFC373]
	(No symbol) [0x00BFC99B]
	(No symbol) [0x00C14B04]
	(No symbol) [0x00C95CD7]
	(No symbol) [0x00C7AB3C]
	(No symbol) [0x00C95280]
	(No symbol) [0x00C7A8D6]
	(No symbol) [0x00C4BA27]
	(No symbol) [0x00C4C43D]
	GetHandleVerifier [0x0104CE13+2938739]
	GetHandleVerifier [0x0109EC69+3274185]
	GetHandleVerifier [0x00E109C2+594722]
	GetHandleVerifier [0x00E17EDC+624700]
	(No symbol) [0x00D237CD]
	(No symbol) [0x00D20528]
	(No symbol) [0x00D206C5]
	(No symbol) [0x00D12CA6]
	BaseThreadInitThunk [0x771D7BA9+25]
	RtlInitializeExceptionChain [0x77B6C0CB+107]
	RtlClearBits [0x77B6C04F+191]

2024-10-14 12:51:34,270:ERROR:Could not access /safesearch?prev=https://www.google.com/search?q%3DPython%2BDeveloper%2Bhiring%2Bcontact%26num%3D5&sa=X&ved=2ahUKEwip04Hxqo2JAxWbwjgGHc_cGooQ8JsIegQIBxAH: Message: invalid argument
  (Session info: chrome=129.0.6668.90)
Stacktrace:
	GetHandleVerifier [0x00D85523+24195]
	(No symbol) [0x00D1AA04]
	(No symbol) [0x00C11F09]
	(No symbol) [0x00BFDB26]
	(No symbol) [0x00BFC373]
	(No symbol) [0x00BFC99B]
	(No symbol) [0x00C14B04]
	(No symbol) [0x00C95CD7]
	(No symbol) [0x00C7AB3C]
	(No symbol) [0x00C95280]
	(No symbol) [0x00C7A8D6]
	(No symbol) [0x00C4BA27]
	(No symbol) [0x00C4C43D]
	GetHandleVerifier [0x0104CE13+2938739]
	GetHandleVerifier [0x0109EC69+3274185]
	GetHandleVerifier [0x00E109C2+594722]
	GetHandleVerifier [0x00E17EDC+624700]
	(No symbol) [0x00D237CD]
	(No symbol) [0x00D20528]
	(No symbol) [0x00D206C5]
	(No symbol) [0x00D12CA6]
	BaseThreadInitThunk [0x771D7BA9+25]
	RtlInitializeExceptionChain [0x77B6C0CB+107]
	RtlClearBits [0x77B6C04F+191]

2024-10-14 12:51:34,276:ERROR:Could not access /preferences?lang=1&hl=en&prev=https://www.google.com/search?q%3DPython%2BDeveloper%2Bhiring%2Bcontact%26num%3D5%26sca_esv%3D3779ba0312543554#languages: Message: invalid argument
  (Session info: chrome=129.0.6668.90)
Stacktrace:
	GetHandleVerifier [0x00D85523+24195]
	(No symbol) [0x00D1AA04]
	(No symbol) [0x00C11F09]
	(No symbol) [0x00BFDB26]
	(No symbol) [0x00BFC373]
	(No symbol) [0x00BFC99B]
	(No symbol) [0x00C14B04]
	(No symbol) [0x00C95CD7]
	(No symbol) [0x00C7AB3C]
	(No symbol) [0x00C95280]
	(No symbol) [0x00C7A8D6]
	(No symbol) [0x00C4BA27]
	(No symbol) [0x00C4C43D]
	GetHandleVerifier [0x0104CE13+2938739]
	GetHandleVerifier [0x0109EC69+3274185]
	GetHandleVerifier [0x00E109C2+594722]
	GetHandleVerifier [0x00E17EDC+624700]
	(No symbol) [0x00D237CD]
	(No symbol) [0x00D20528]
	(No symbol) [0x00D206C5]
	(No symbol) [0x00D12CA6]
	BaseThreadInitThunk [0x771D7BA9+25]
	RtlInitializeExceptionChain [0x77B6C0CB+107]
	RtlClearBits [0x77B6C04F+191]

2024-10-14 12:51:34,282:ERROR:Could not access /setprefs?hl=en&prev=https://www.google.com/search?q%3DPython%2BDeveloper%2Bhiring%2Bcontact%26num%3D5%26pccc%3D1&sig=0_OUQ8_GMQ05rEJbKy7mfKaIpIT2I%3D&cs=1&sa=X&ved=2ahUKEwip04Hxqo2JAxWbwjgGHc_cGooQqsEHegQIBxAJ&ictx=1: Message: invalid argument
  (Session info: chrome=129.0.6668.90)
Stacktrace:
	GetHandleVerifier [0x00D85523+24195]
	(No symbol) [0x00D1AA04]
	(No symbol) [0x00C11F09]
	(No symbol) [0x00BFDB26]
	(No symbol) [0x00BFC373]
	(No symbol) [0x00BFC99B]
	(No symbol) [0x00C14B04]
	(No symbol) [0x00C95CD7]
	(No symbol) [0x00C7AB3C]
	(No symbol) [0x00C95280]
	(No symbol) [0x00C7A8D6]
	(No symbol) [0x00C4BA27]
	(No symbol) [0x00C4C43D]
	GetHandleVerifier [0x0104CE13+2938739]
	GetHandleVerifier [0x0109EC69+3274185]
	GetHandleVerifier [0x00E109C2+594722]
	GetHandleVerifier [0x00E17EDC+624700]
	(No symbol) [0x00D237CD]
	(No symbol) [0x00D20528]
	(No symbol) [0x00D206C5]
	(No symbol) [0x00D12CA6]
	BaseThreadInitThunk [0x771D7BA9+25]
	RtlInitializeExceptionChain [0x77B6C0CB+107]
	RtlClearBits [0x77B6C04F+191]

2024-10-14 12:51:34,287:ERROR:Could not access /preferences?hl=en&prev=https://www.google.com/search?q%3DPython%2BDeveloper%2Bhiring%2Bcontact%26num%3D5%26sca_esv%3D3779ba0312543554: Message: invalid argument
  (Session info: chrome=129.0.6668.90)
Stacktrace:
	GetHandleVerifier [0x00D85523+24195]
	(No symbol) [0x00D1AA04]
	(No symbol) [0x00C11F09]
	(No symbol) [0x00BFDB26]
	(No symbol) [0x00BFC373]
	(No symbol) [0x00BFC99B]
	(No symbol) [0x00C14B04]
	(No symbol) [0x00C95CD7]
	(No symbol) [0x00C7AB3C]
	(No symbol) [0x00C95280]
	(No symbol) [0x00C7A8D6]
	(No symbol) [0x00C4BA27]
	(No symbol) [0x00C4C43D]
	GetHandleVerifier [0x0104CE13+2938739]
	GetHandleVerifier [0x0109EC69+3274185]
	GetHandleVerifier [0x00E109C2+594722]
	GetHandleVerifier [0x00E17EDC+624700]
	(No symbol) [0x00D237CD]
	(No symbol) [0x00D20528]
	(No symbol) [0x00D206C5]
	(No symbol) [0x00D12CA6]
	BaseThreadInitThunk [0x771D7BA9+25]
	RtlInitializeExceptionChain [0x77B6C0CB+107]
	RtlClearBits [0x77B6C04F+191]

2024-10-14 12:53:12,658:INFO:Email sent to: upasana.sharma@snapcastsolutions.com
2024-10-14 12:53:41,550:ERROR:Could not access /safesearch?prev=https://www.google.com/search?q%3DDevOps%2Bjob%2Bopportunities%2Bcontact%26num%3D5&sa=X&ved=2ahUKEwiIooauq42JAxWQ1DgGHXjAD80Q8JsIegQIBxAH: Message: invalid argument
  (Session info: chrome=129.0.6668.90)
Stacktrace:
	GetHandleVerifier [0x00D85523+24195]
	(No symbol) [0x00D1AA04]
	(No symbol) [0x00C11F09]
	(No symbol) [0x00BFDB26]
	(No symbol) [0x00BFC373]
	(No symbol) [0x00BFC99B]
	(No symbol) [0x00C14B04]
	(No symbol) [0x00C95CD7]
	(No symbol) [0x00C7AB3C]
	(No symbol) [0x00C95280]
	(No symbol) [0x00C7A8D6]
	(No symbol) [0x00C4BA27]
	(No symbol) [0x00C4C43D]
	GetHandleVerifier [0x0104CE13+2938739]
	GetHandleVerifier [0x0109EC69+3274185]
	GetHandleVerifier [0x00E109C2+594722]
	GetHandleVerifier [0x00E17EDC+624700]
	(No symbol) [0x00D237CD]
	(No symbol) [0x00D20528]
	(No symbol) [0x00D206C5]
	(No symbol) [0x00D12CA6]
	BaseThreadInitThunk [0x771D7BA9+25]
	RtlInitializeExceptionChain [0x77B6C0CB+107]
	RtlClearBits [0x77B6C04F+191]

2024-10-14 12:53:41,553:ERROR:Could not access /preferences?lang=1&hl=en&prev=https://www.google.com/search?q%3DDevOps%2Bjob%2Bopportunities%2Bcontact%26num%3D5%26sca_esv%3D3779ba0312543554#languages: Message: invalid argument
  (Session info: chrome=129.0.6668.90)
Stacktrace:
	GetHandleVerifier [0x00D85523+24195]
	(No symbol) [0x00D1AA04]
	(No symbol) [0x00C11F09]
	(No symbol) [0x00BFDB26]
	(No symbol) [0x00BFC373]
	(No symbol) [0x00BFC99B]
	(No symbol) [0x00C14B04]
	(No symbol) [0x00C95CD7]
	(No symbol) [0x00C7AB3C]
	(No symbol) [0x00C95280]
	(No symbol) [0x00C7A8D6]
	(No symbol) [0x00C4BA27]
	(No symbol) [0x00C4C43D]
	GetHandleVerifier [0x0104CE13+2938739]
	GetHandleVerifier [0x0109EC69+3274185]
	GetHandleVerifier [0x00E109C2+594722]
	GetHandleVerifier [0x00E17EDC+624700]
	(No symbol) [0x00D237CD]
	(No symbol) [0x00D20528]
	(No symbol) [0x00D206C5]
	(No symbol) [0x00D12CA6]
	BaseThreadInitThunk [0x771D7BA9+25]
	RtlInitializeExceptionChain [0x77B6C0CB+107]
	RtlClearBits [0x77B6C04F+191]

2024-10-14 12:53:41,555:ERROR:Could not access /setprefs?hl=en&prev=https://www.google.com/search?q%3DDevOps%2Bjob%2Bopportunities%2Bcontact%26num%3D5%26pccc%3D1&sig=0_OUQ8_GMQ05rEJbKy7mfKaIpIT2I%3D&cs=1&sa=X&ved=2ahUKEwiIooauq42JAxWQ1DgGHXjAD80QqsEHegQIBxAJ&ictx=1: Message: invalid argument
  (Session info: chrome=129.0.6668.90)
Stacktrace:
	GetHandleVerifier [0x00D85523+24195]
	(No symbol) [0x00D1AA04]
	(No symbol) [0x00C11F09]
	(No symbol) [0x00BFDB26]
	(No symbol) [0x00BFC373]
	(No symbol) [0x00BFC99B]
	(No symbol) [0x00C14B04]
	(No symbol) [0x00C95CD7]
	(No symbol) [0x00C7AB3C]
	(No symbol) [0x00C95280]
	(No symbol) [0x00C7A8D6]
	(No symbol) [0x00C4BA27]
	(No symbol) [0x00C4C43D]
	GetHandleVerifier [0x0104CE13+2938739]
	GetHandleVerifier [0x0109EC69+3274185]
	GetHandleVerifier [0x00E109C2+594722]
	GetHandleVerifier [0x00E17EDC+624700]
	(No symbol) [0x00D237CD]
	(No symbol) [0x00D20528]
	(No symbol) [0x00D206C5]
	(No symbol) [0x00D12CA6]
	BaseThreadInitThunk [0x771D7BA9+25]
	RtlInitializeExceptionChain [0x77B6C0CB+107]
	RtlClearBits [0x77B6C04F+191]

2024-10-14 12:53:41,558:ERROR:Could not access /preferences?hl=en&prev=https://www.google.com/search?q%3DDevOps%2Bjob%2Bopportunities%2Bcontact%26num%3D5%26sca_esv%3D3779ba0312543554: Message: invalid argument
  (Session info: chrome=129.0.6668.90)
Stacktrace:
	GetHandleVerifier [0x00D85523+24195]
	(No symbol) [0x00D1AA04]
	(No symbol) [0x00C11F09]
	(No symbol) [0x00BFDB26]
	(No symbol) [0x00BFC373]
	(No symbol) [0x00BFC99B]
	(No symbol) [0x00C14B04]
	(No symbol) [0x00C95CD7]
	(No symbol) [0x00C7AB3C]
	(No symbol) [0x00C95280]
	(No symbol) [0x00C7A8D6]
	(No symbol) [0x00C4BA27]
	(No symbol) [0x00C4C43D]
	GetHandleVerifier [0x0104CE13+2938739]
	GetHandleVerifier [0x0109EC69+3274185]
	GetHandleVerifier [0x00E109C2+594722]
	GetHandleVerifier [0x00E17EDC+624700]
	(No symbol) [0x00D237CD]
	(No symbol) [0x00D20528]
	(No symbol) [0x00D206C5]
	(No symbol) [0x00D12CA6]
	BaseThreadInitThunk [0x771D7BA9+25]
	RtlInitializeExceptionChain [0x77B6C0CB+107]
	RtlClearBits [0x77B6C04F+191]

2024-10-14 12:54:55,019:WARNING:Retrying (Retry(total=2, connect=None, read=None, redirect=None, status=None)) after connection broken by 'NewConnectionError('<urllib3.connection.HTTPConnection object at 0x000001945DE350D0>: Failed to establish a new connection: [WinError 10061] No connection could be made because the target machine actively refused it')': /session/b458551489b5afb25290b3771be4bb39/source
2024-10-14 12:57:19,407:INFO:====== WebDriver manager ======
2024-10-14 12:57:20,100:INFO:Get LATEST chromedriver version for google-chrome
2024-10-14 12:57:20,153:INFO:Get LATEST chromedriver version for google-chrome
2024-10-14 12:57:20,213:INFO:Driver [C:\Users\acer\.wdm\drivers\chromedriver\win64\129.0.6668.100\chromedriver-win32/chromedriver.exe] found in cache
2024-10-14 13:06:59,737:INFO:====== WebDriver manager ======
2024-10-14 13:07:00,561:INFO:Get LATEST chromedriver version for google-chrome
2024-10-14 13:07:00,621:INFO:Get LATEST chromedriver version for google-chrome
2024-10-14 13:07:00,682:INFO:Driver [C:\Users\acer\.wdm\drivers\chromedriver\win64\129.0.6668.100\chromedriver-win32/chromedriver.exe] found in cache
2024-10-14 13:07:36,902:ERROR:Could not access /safesearch?prev=https://www.google.com/search?q%3DDevOps%2BEngineer%2Bhiring%2Bcontact%2Bemail%26num%3D5&sa=X&ved=2ahUKEwiikIi5ro2JAxVcslYBHRWYCgsQ8JsIegQIBBAH: Message: invalid argument
  (Session info: chrome=129.0.6668.90)
Stacktrace:
	GetHandleVerifier [0x00D85523+24195]
	(No symbol) [0x00D1AA04]
	(No symbol) [0x00C11F09]
	(No symbol) [0x00BFDB26]
	(No symbol) [0x00BFC373]
	(No symbol) [0x00BFC99B]
	(No symbol) [0x00C14B04]
	(No symbol) [0x00C95CD7]
	(No symbol) [0x00C7AB3C]
	(No symbol) [0x00C95280]
	(No symbol) [0x00C7A8D6]
	(No symbol) [0x00C4BA27]
	(No symbol) [0x00C4C43D]
	GetHandleVerifier [0x0104CE13+2938739]
	GetHandleVerifier [0x0109EC69+3274185]
	GetHandleVerifier [0x00E109C2+594722]
	GetHandleVerifier [0x00E17EDC+624700]
	(No symbol) [0x00D237CD]
	(No symbol) [0x00D20528]
	(No symbol) [0x00D206C5]
	(No symbol) [0x00D12CA6]
	BaseThreadInitThunk [0x771D7BA9+25]
	RtlInitializeExceptionChain [0x77B6C0CB+107]
	RtlClearBits [0x77B6C04F+191]

2024-10-14 13:16:31,854:INFO:====== WebDriver manager ======
2024-10-14 13:16:32,559:INFO:Get LATEST chromedriver version for google-chrome
2024-10-14 13:16:32,604:INFO:Get LATEST chromedriver version for google-chrome
2024-10-14 13:16:32,663:INFO:Driver [C:\Users\acer\.wdm\drivers\chromedriver\win64\129.0.6668.100\chromedriver-win32/chromedriver.exe] found in cache
2024-10-14 13:17:16,730:ERROR:Could not access /safesearch?prev=https://www.google.com/search?q%3Dsite:linkedin.com%2B'DevOps%2BEngineer'%26num%3D5&sa=X&ved=2ahUKEwiq7-zJsI2JAxUeklYBHYPaMwAQ8JsIegQIBhAH: Message: invalid argument
  (Session info: chrome=129.0.6668.90)
Stacktrace:
	GetHandleVerifier [0x00D85523+24195]
	(No symbol) [0x00D1AA04]
	(No symbol) [0x00C11F09]
	(No symbol) [0x00BFDB26]
	(No symbol) [0x00BFC373]
	(No symbol) [0x00BFC99B]
	(No symbol) [0x00C14B04]
	(No symbol) [0x00C95CD7]
	(No symbol) [0x00C7AB3C]
	(No symbol) [0x00C95280]
	(No symbol) [0x00C7A8D6]
	(No symbol) [0x00C4BA27]
	(No symbol) [0x00C4C43D]
	GetHandleVerifier [0x0104CE13+2938739]
	GetHandleVerifier [0x0109EC69+3274185]
	GetHandleVerifier [0x00E109C2+594722]
	GetHandleVerifier [0x00E17EDC+624700]
	(No symbol) [0x00D237CD]
	(No symbol) [0x00D20528]
	(No symbol) [0x00D206C5]
	(No symbol) [0x00D12CA6]
	BaseThreadInitThunk [0x771D7BA9+25]
	RtlInitializeExceptionChain [0x77B6C0CB+107]
	RtlClearBits [0x77B6C04F+191]

2024-10-14 13:17:16,735:ERROR:Could not access /preferences?lang=1&hl=en&prev=https://www.google.com/search?q%3Dsite:linkedin.com%2B%2527DevOps%2BEngineer%2527%26num%3D5%26sca_esv%3D966f55c4364fcb00#languages: Message: invalid argument
  (Session info: chrome=129.0.6668.90)
Stacktrace:
	GetHandleVerifier [0x00D85523+24195]
	(No symbol) [0x00D1AA04]
	(No symbol) [0x00C11F09]
	(No symbol) [0x00BFDB26]
	(No symbol) [0x00BFC373]
	(No symbol) [0x00BFC99B]
	(No symbol) [0x00C14B04]
	(No symbol) [0x00C95CD7]
	(No symbol) [0x00C7AB3C]
	(No symbol) [0x00C95280]
	(No symbol) [0x00C7A8D6]
	(No symbol) [0x00C4BA27]
	(No symbol) [0x00C4C43D]
	GetHandleVerifier [0x0104CE13+2938739]
	GetHandleVerifier [0x0109EC69+3274185]
	GetHandleVerifier [0x00E109C2+594722]
	GetHandleVerifier [0x00E17EDC+624700]
	(No symbol) [0x00D237CD]
	(No symbol) [0x00D20528]
	(No symbol) [0x00D206C5]
	(No symbol) [0x00D12CA6]
	BaseThreadInitThunk [0x771D7BA9+25]
	RtlInitializeExceptionChain [0x77B6C0CB+107]
	RtlClearBits [0x77B6C04F+191]

2024-10-14 13:17:16,740:ERROR:Could not access /setprefs?hl=en&prev=https://www.google.com/search?q%3Dsite:linkedin.com%2B'DevOps%2BEngineer'%26num%3D5%26pccc%3D1&sig=0_ro6acCYzqb5Tn2izf_a7z4BLcHQ%3D&cs=2&sa=X&ved=2ahUKEwiq7-zJsI2JAxUeklYBHYPaMwAQqsEHegQIBhAJ&ictx=1: Message: invalid argument
  (Session info: chrome=129.0.6668.90)
Stacktrace:
	GetHandleVerifier [0x00D85523+24195]
	(No symbol) [0x00D1AA04]
	(No symbol) [0x00C11F09]
	(No symbol) [0x00BFDB26]
	(No symbol) [0x00BFC373]
	(No symbol) [0x00BFC99B]
	(No symbol) [0x00C14B04]
	(No symbol) [0x00C95CD7]
	(No symbol) [0x00C7AB3C]
	(No symbol) [0x00C95280]
	(No symbol) [0x00C7A8D6]
	(No symbol) [0x00C4BA27]
	(No symbol) [0x00C4C43D]
	GetHandleVerifier [0x0104CE13+2938739]
	GetHandleVerifier [0x0109EC69+3274185]
	GetHandleVerifier [0x00E109C2+594722]
	GetHandleVerifier [0x00E17EDC+624700]
	(No symbol) [0x00D237CD]
	(No symbol) [0x00D20528]
	(No symbol) [0x00D206C5]
	(No symbol) [0x00D12CA6]
	BaseThreadInitThunk [0x771D7BA9+25]
	RtlInitializeExceptionChain [0x77B6C0CB+107]
	RtlClearBits [0x77B6C04F+191]

2024-10-14 13:17:16,744:ERROR:Could not access /preferences?hl=en&prev=https://www.google.com/search?q%3Dsite:linkedin.com%2B%2527DevOps%2BEngineer%2527%26num%3D5%26sca_esv%3D966f55c4364fcb00: Message: invalid argument
  (Session info: chrome=129.0.6668.90)
Stacktrace:
	GetHandleVerifier [0x00D85523+24195]
	(No symbol) [0x00D1AA04]
	(No symbol) [0x00C11F09]
	(No symbol) [0x00BFDB26]
	(No symbol) [0x00BFC373]
	(No symbol) [0x00BFC99B]
	(No symbol) [0x00C14B04]
	(No symbol) [0x00C95CD7]
	(No symbol) [0x00C7AB3C]
	(No symbol) [0x00C95280]
	(No symbol) [0x00C7A8D6]
	(No symbol) [0x00C4BA27]
	(No symbol) [0x00C4C43D]
	GetHandleVerifier [0x0104CE13+2938739]
	GetHandleVerifier [0x0109EC69+3274185]
	GetHandleVerifier [0x00E109C2+594722]
	GetHandleVerifier [0x00E17EDC+624700]
	(No symbol) [0x00D237CD]
	(No symbol) [0x00D20528]
	(No symbol) [0x00D206C5]
	(No symbol) [0x00D12CA6]
	BaseThreadInitThunk [0x771D7BA9+25]
	RtlInitializeExceptionChain [0x77B6C0CB+107]
	RtlClearBits [0x77B6C04F+191]

2024-10-14 13:23:02,792:INFO:====== WebDriver manager ======
2024-10-14 13:23:03,506:INFO:Get LATEST chromedriver version for google-chrome
2024-10-14 13:23:03,580:INFO:Get LATEST chromedriver version for google-chrome
2024-10-14 13:23:03,611:INFO:Driver [C:\Users\acer\.wdm\drivers\chromedriver\win64\129.0.6668.100\chromedriver-win32/chromedriver.exe] found in cache
2024-10-14 13:23:43,899:ERROR:Could not access /safesearch?prev=https://www.google.com/search?q%3Dsite:linkedin.com%2B'DevOps%2BEngineer'%26num%3D5&sa=X&ved=2ahUKEwiA5eiEso2JAxXHpZUCHUOSAcIQ8JsIegQIBhAH: Message: invalid argument
  (Session info: chrome=129.0.6668.90)
Stacktrace:
	GetHandleVerifier [0x00D85523+24195]
	(No symbol) [0x00D1AA04]
	(No symbol) [0x00C11F09]
	(No symbol) [0x00BFDB26]
	(No symbol) [0x00BFC373]
	(No symbol) [0x00BFC99B]
	(No symbol) [0x00C14B04]
	(No symbol) [0x00C95CD7]
	(No symbol) [0x00C7AB3C]
	(No symbol) [0x00C95280]
	(No symbol) [0x00C7A8D6]
	(No symbol) [0x00C4BA27]
	(No symbol) [0x00C4C43D]
	GetHandleVerifier [0x0104CE13+2938739]
	GetHandleVerifier [0x0109EC69+3274185]
	GetHandleVerifier [0x00E109C2+594722]
	GetHandleVerifier [0x00E17EDC+624700]
	(No symbol) [0x00D237CD]
	(No symbol) [0x00D20528]
	(No symbol) [0x00D206C5]
	(No symbol) [0x00D12CA6]
	BaseThreadInitThunk [0x771D7BA9+25]
	RtlInitializeExceptionChain [0x77B6C0CB+107]
	RtlClearBits [0x77B6C04F+191]

2024-10-14 13:23:43,903:ERROR:Could not access /preferences?lang=1&hl=en&prev=https://www.google.com/search?q%3Dsite:linkedin.com%2B%2527DevOps%2BEngineer%2527%26num%3D5%26sca_esv%3D966f55c4364fcb00#languages: Message: invalid argument
  (Session info: chrome=129.0.6668.90)
Stacktrace:
	GetHandleVerifier [0x00D85523+24195]
	(No symbol) [0x00D1AA04]
	(No symbol) [0x00C11F09]
	(No symbol) [0x00BFDB26]
	(No symbol) [0x00BFC373]
	(No symbol) [0x00BFC99B]
	(No symbol) [0x00C14B04]
	(No symbol) [0x00C95CD7]
	(No symbol) [0x00C7AB3C]
	(No symbol) [0x00C95280]
	(No symbol) [0x00C7A8D6]
	(No symbol) [0x00C4BA27]
	(No symbol) [0x00C4C43D]
	GetHandleVerifier [0x0104CE13+2938739]
	GetHandleVerifier [0x0109EC69+3274185]
	GetHandleVerifier [0x00E109C2+594722]
	GetHandleVerifier [0x00E17EDC+624700]
	(No symbol) [0x00D237CD]
	(No symbol) [0x00D20528]
	(No symbol) [0x00D206C5]
	(No symbol) [0x00D12CA6]
	BaseThreadInitThunk [0x771D7BA9+25]
	RtlInitializeExceptionChain [0x77B6C0CB+107]
	RtlClearBits [0x77B6C04F+191]

2024-10-14 13:23:43,906:ERROR:Could not access /setprefs?hl=en&prev=https://www.google.com/search?q%3Dsite:linkedin.com%2B'DevOps%2BEngineer'%26num%3D5%26pccc%3D1&sig=0_U17ZnY0Sw6JvbzuZzsiE3re6M6s%3D&cs=2&sa=X&ved=2ahUKEwiA5eiEso2JAxXHpZUCHUOSAcIQqsEHegQIBhAJ&ictx=1: Message: invalid argument
  (Session info: chrome=129.0.6668.90)
Stacktrace:
	GetHandleVerifier [0x00D85523+24195]
	(No symbol) [0x00D1AA04]
	(No symbol) [0x00C11F09]
	(No symbol) [0x00BFDB26]
	(No symbol) [0x00BFC373]
	(No symbol) [0x00BFC99B]
	(No symbol) [0x00C14B04]
	(No symbol) [0x00C95CD7]
	(No symbol) [0x00C7AB3C]
	(No symbol) [0x00C95280]
	(No symbol) [0x00C7A8D6]
	(No symbol) [0x00C4BA27]
	(No symbol) [0x00C4C43D]
	GetHandleVerifier [0x0104CE13+2938739]
	GetHandleVerifier [0x0109EC69+3274185]
	GetHandleVerifier [0x00E109C2+594722]
	GetHandleVerifier [0x00E17EDC+624700]
	(No symbol) [0x00D237CD]
	(No symbol) [0x00D20528]
	(No symbol) [0x00D206C5]
	(No symbol) [0x00D12CA6]
	BaseThreadInitThunk [0x771D7BA9+25]
	RtlInitializeExceptionChain [0x77B6C0CB+107]
	RtlClearBits [0x77B6C04F+191]

2024-10-14 13:23:43,909:ERROR:Could not access /preferences?hl=en&prev=https://www.google.com/search?q%3Dsite:linkedin.com%2B%2527DevOps%2BEngineer%2527%26num%3D5%26sca_esv%3D966f55c4364fcb00: Message: invalid argument
  (Session info: chrome=129.0.6668.90)
Stacktrace:
	GetHandleVerifier [0x00D85523+24195]
	(No symbol) [0x00D1AA04]
	(No symbol) [0x00C11F09]
	(No symbol) [0x00BFDB26]
	(No symbol) [0x00BFC373]
	(No symbol) [0x00BFC99B]
	(No symbol) [0x00C14B04]
	(No symbol) [0x00C95CD7]
	(No symbol) [0x00C7AB3C]
	(No symbol) [0x00C95280]
	(No symbol) [0x00C7A8D6]
	(No symbol) [0x00C4BA27]
	(No symbol) [0x00C4C43D]
	GetHandleVerifier [0x0104CE13+2938739]
	GetHandleVerifier [0x0109EC69+3274185]
	GetHandleVerifier [0x00E109C2+594722]
	GetHandleVerifier [0x00E17EDC+624700]
	(No symbol) [0x00D237CD]
	(No symbol) [0x00D20528]
	(No symbol) [0x00D206C5]
	(No symbol) [0x00D12CA6]
	BaseThreadInitThunk [0x771D7BA9+25]
	RtlInitializeExceptionChain [0x77B6C0CB+107]
	RtlClearBits [0x77B6C04F+191]

2024-10-14 13:26:40,975:INFO:====== WebDriver manager ======
2024-10-14 13:26:41,660:INFO:Get LATEST chromedriver version for google-chrome
2024-10-14 13:26:41,694:INFO:Get LATEST chromedriver version for google-chrome
2024-10-14 13:26:41,775:INFO:Driver [C:\Users\acer\.wdm\drivers\chromedriver\win64\129.0.6668.100\chromedriver-win32/chromedriver.exe] found in cache
2024-10-14 13:27:15,639:ERROR:Could not access /safesearch?prev=https://www.google.com/search?q%3Dsite:linkedin.com%2B'DevOps%2BEngineer'%26num%3D5&sa=X&ved=2ahUKEwjD-P_rso2JAxX0lFYBHbnzH3EQ8JsIegQIBhAH: Message: invalid argument
  (Session info: chrome=129.0.6668.90)
Stacktrace:
	GetHandleVerifier [0x00D85523+24195]
	(No symbol) [0x00D1AA04]
	(No symbol) [0x00C11F09]
	(No symbol) [0x00BFDB26]
	(No symbol) [0x00BFC373]
	(No symbol) [0x00BFC99B]
	(No symbol) [0x00C14B04]
	(No symbol) [0x00C95CD7]
	(No symbol) [0x00C7AB3C]
	(No symbol) [0x00C95280]
	(No symbol) [0x00C7A8D6]
	(No symbol) [0x00C4BA27]
	(No symbol) [0x00C4C43D]
	GetHandleVerifier [0x0104CE13+2938739]
	GetHandleVerifier [0x0109EC69+3274185]
	GetHandleVerifier [0x00E109C2+594722]
	GetHandleVerifier [0x00E17EDC+624700]
	(No symbol) [0x00D237CD]
	(No symbol) [0x00D20528]
	(No symbol) [0x00D206C5]
	(No symbol) [0x00D12CA6]
	BaseThreadInitThunk [0x771D7BA9+25]
	RtlInitializeExceptionChain [0x77B6C0CB+107]
	RtlClearBits [0x77B6C04F+191]

2024-10-14 13:27:15,644:ERROR:Could not access /preferences?lang=1&hl=en&prev=https://www.google.com/search?q%3Dsite:linkedin.com%2B%2527DevOps%2BEngineer%2527%26num%3D5%26sca_esv%3D966f55c4364fcb00#languages: Message: invalid argument
  (Session info: chrome=129.0.6668.90)
Stacktrace:
	GetHandleVerifier [0x00D85523+24195]
	(No symbol) [0x00D1AA04]
	(No symbol) [0x00C11F09]
	(No symbol) [0x00BFDB26]
	(No symbol) [0x00BFC373]
	(No symbol) [0x00BFC99B]
	(No symbol) [0x00C14B04]
	(No symbol) [0x00C95CD7]
	(No symbol) [0x00C7AB3C]
	(No symbol) [0x00C95280]
	(No symbol) [0x00C7A8D6]
	(No symbol) [0x00C4BA27]
	(No symbol) [0x00C4C43D]
	GetHandleVerifier [0x0104CE13+2938739]
	GetHandleVerifier [0x0109EC69+3274185]
	GetHandleVerifier [0x00E109C2+594722]
	GetHandleVerifier [0x00E17EDC+624700]
	(No symbol) [0x00D237CD]
	(No symbol) [0x00D20528]
	(No symbol) [0x00D206C5]
	(No symbol) [0x00D12CA6]
	BaseThreadInitThunk [0x771D7BA9+25]
	RtlInitializeExceptionChain [0x77B6C0CB+107]
	RtlClearBits [0x77B6C04F+191]

2024-10-14 13:27:15,648:ERROR:Could not access /setprefs?hl=en&prev=https://www.google.com/search?q%3Dsite:linkedin.com%2B'DevOps%2BEngineer'%26num%3D5%26pccc%3D1&sig=0_0yBTmmCtIFTs5zB9EM3-P47E5Ig%3D&cs=2&sa=X&ved=2ahUKEwjD-P_rso2JAxX0lFYBHbnzH3EQqsEHegQIBhAJ&ictx=1: Message: invalid argument
  (Session info: chrome=129.0.6668.90)
Stacktrace:
	GetHandleVerifier [0x00D85523+24195]
	(No symbol) [0x00D1AA04]
	(No symbol) [0x00C11F09]
	(No symbol) [0x00BFDB26]
	(No symbol) [0x00BFC373]
	(No symbol) [0x00BFC99B]
	(No symbol) [0x00C14B04]
	(No symbol) [0x00C95CD7]
	(No symbol) [0x00C7AB3C]
	(No symbol) [0x00C95280]
	(No symbol) [0x00C7A8D6]
	(No symbol) [0x00C4BA27]
	(No symbol) [0x00C4C43D]
	GetHandleVerifier [0x0104CE13+2938739]
	GetHandleVerifier [0x0109EC69+3274185]
	GetHandleVerifier [0x00E109C2+594722]
	GetHandleVerifier [0x00E17EDC+624700]
	(No symbol) [0x00D237CD]
	(No symbol) [0x00D20528]
	(No symbol) [0x00D206C5]
	(No symbol) [0x00D12CA6]
	BaseThreadInitThunk [0x771D7BA9+25]
	RtlInitializeExceptionChain [0x77B6C0CB+107]
	RtlClearBits [0x77B6C04F+191]

2024-10-14 13:27:15,650:ERROR:Could not access /preferences?hl=en&prev=https://www.google.com/search?q%3Dsite:linkedin.com%2B%2527DevOps%2BEngineer%2527%26num%3D5%26sca_esv%3D966f55c4364fcb00: Message: invalid argument
  (Session info: chrome=129.0.6668.90)
Stacktrace:
	GetHandleVerifier [0x00D85523+24195]
	(No symbol) [0x00D1AA04]
	(No symbol) [0x00C11F09]
	(No symbol) [0x00BFDB26]
	(No symbol) [0x00BFC373]
	(No symbol) [0x00BFC99B]
	(No symbol) [0x00C14B04]
	(No symbol) [0x00C95CD7]
	(No symbol) [0x00C7AB3C]
	(No symbol) [0x00C95280]
	(No symbol) [0x00C7A8D6]
	(No symbol) [0x00C4BA27]
	(No symbol) [0x00C4C43D]
	GetHandleVerifier [0x0104CE13+2938739]
	GetHandleVerifier [0x0109EC69+3274185]
	GetHandleVerifier [0x00E109C2+594722]
	GetHandleVerifier [0x00E17EDC+624700]
	(No symbol) [0x00D237CD]
	(No symbol) [0x00D20528]
	(No symbol) [0x00D206C5]
	(No symbol) [0x00D12CA6]
	BaseThreadInitThunk [0x771D7BA9+25]
	RtlInitializeExceptionChain [0x77B6C0CB+107]
	RtlClearBits [0x77B6C04F+191]

2024-10-14 13:42:32,485:INFO:====== WebDriver manager ======
2024-10-14 13:42:33,176:INFO:Get LATEST chromedriver version for google-chrome
2024-10-14 13:42:33,222:INFO:Get LATEST chromedriver version for google-chrome
2024-10-14 13:42:33,277:INFO:Driver [C:\Users\acer\.wdm\drivers\chromedriver\win64\129.0.6668.100\chromedriver-win32/chromedriver.exe] found in cache
2024-10-14 13:45:18,689:INFO:====== WebDriver manager ======
2024-10-14 13:45:19,428:INFO:Get LATEST chromedriver version for google-chrome
2024-10-14 13:45:19,467:INFO:Get LATEST chromedriver version for google-chrome
2024-10-14 13:45:19,502:INFO:Driver [C:\Users\acer\.wdm\drivers\chromedriver\win64\129.0.6668.100\chromedriver-win32/chromedriver.exe] found in cache
2024-10-14 13:45:56,778:ERROR:Could not access /safesearch?prev=https://www.google.com/search?q%3DDevOps%2BEngineer%2Bhiring%2Bcontact%2Bemail%26num%3D5&sa=X&ved=2ahUKEwi82aGBt42JAxX01DQHHVlXKzUQ8JsIegQIBBAH: Message: invalid argument
  (Session info: chrome=129.0.6668.90)
Stacktrace:
	GetHandleVerifier [0x00D85523+24195]
	(No symbol) [0x00D1AA04]
	(No symbol) [0x00C11F09]
	(No symbol) [0x00BFDB26]
	(No symbol) [0x00BFC373]
	(No symbol) [0x00BFC99B]
	(No symbol) [0x00C14B04]
	(No symbol) [0x00C95CD7]
	(No symbol) [0x00C7AB3C]
	(No symbol) [0x00C95280]
	(No symbol) [0x00C7A8D6]
	(No symbol) [0x00C4BA27]
	(No symbol) [0x00C4C43D]
	GetHandleVerifier [0x0104CE13+2938739]
	GetHandleVerifier [0x0109EC69+3274185]
	GetHandleVerifier [0x00E109C2+594722]
	GetHandleVerifier [0x00E17EDC+624700]
	(No symbol) [0x00D237CD]
	(No symbol) [0x00D20528]
	(No symbol) [0x00D206C5]
	(No symbol) [0x00D12CA6]
	BaseThreadInitThunk [0x771D7BA9+25]
	RtlInitializeExceptionChain [0x77B6C0CB+107]
	RtlClearBits [0x77B6C04F+191]

2024-10-14 13:49:09,573:INFO:====== WebDriver manager ======
2024-10-14 13:49:10,357:INFO:Get LATEST chromedriver version for google-chrome
2024-10-14 13:49:10,397:INFO:Get LATEST chromedriver version for google-chrome
2024-10-14 13:49:10,439:INFO:Driver [C:\Users\acer\.wdm\drivers\chromedriver\win64\129.0.6668.100\chromedriver-win32/chromedriver.exe] found in cache
2024-10-14 13:49:46,546:ERROR:Could not access /safesearch?prev=https://www.google.com/search?q%3DDevOps%2BEngineer%2Bhiring%2Bcontact%2Bemail%26num%3D5&sa=X&ved=2ahUKEwjvnPbvt42JAxWZrZUCHdrcMDsQ8JsIegQIBRAH: Message: invalid argument
  (Session info: chrome=129.0.6668.90)
Stacktrace:
	GetHandleVerifier [0x00D85523+24195]
	(No symbol) [0x00D1AA04]
	(No symbol) [0x00C11F09]
	(No symbol) [0x00BFDB26]
	(No symbol) [0x00BFC373]
	(No symbol) [0x00BFC99B]
	(No symbol) [0x00C14B04]
	(No symbol) [0x00C95CD7]
	(No symbol) [0x00C7AB3C]
	(No symbol) [0x00C95280]
	(No symbol) [0x00C7A8D6]
	(No symbol) [0x00C4BA27]
	(No symbol) [0x00C4C43D]
	GetHandleVerifier [0x0104CE13+2938739]
	GetHandleVerifier [0x0109EC69+3274185]
	GetHandleVerifier [0x00E109C2+594722]
	GetHandleVerifier [0x00E17EDC+624700]
	(No symbol) [0x00D237CD]
	(No symbol) [0x00D20528]
	(No symbol) [0x00D206C5]
	(No symbol) [0x00D12CA6]
	BaseThreadInitThunk [0x771D7BA9+25]
	RtlInitializeExceptionChain [0x77B6C0CB+107]
	RtlClearBits [0x77B6C04F+191]

2024-10-14 13:49:46,547:ERROR:An unexpected error occurred: add_log() missing 1 required positional argument: 'log_container'
2024-10-14 13:52:08,023:INFO:====== WebDriver manager ======
2024-10-14 13:52:08,825:INFO:Get LATEST chromedriver version for google-chrome
2024-10-14 13:52:08,895:INFO:Get LATEST chromedriver version for google-chrome
2024-10-14 13:52:08,959:INFO:Driver [C:\Users\acer\.wdm\drivers\chromedriver\win64\129.0.6668.100\chromedriver-win32/chromedriver.exe] found in cache
2024-10-14 13:52:45,191:ERROR:Could not access /safesearch?prev=https://www.google.com/search?q%3DDevOps%2BEngineer%2Bhiring%2Bcontact%2Bemail%26num%3D5&sa=X&ved=2ahUKEwiApqPEuI2JAxW1MTUKHe1UAy0Q8JsIegQIBhAH: Message: invalid argument
  (Session info: chrome=129.0.6668.90)
Stacktrace:
	GetHandleVerifier [0x00D85523+24195]
	(No symbol) [0x00D1AA04]
	(No symbol) [0x00C11F09]
	(No symbol) [0x00BFDB26]
	(No symbol) [0x00BFC373]
	(No symbol) [0x00BFC99B]
	(No symbol) [0x00C14B04]
	(No symbol) [0x00C95CD7]
	(No symbol) [0x00C7AB3C]
	(No symbol) [0x00C95280]
	(No symbol) [0x00C7A8D6]
	(No symbol) [0x00C4BA27]
	(No symbol) [0x00C4C43D]
	GetHandleVerifier [0x0104CE13+2938739]
	GetHandleVerifier [0x0109EC69+3274185]
	GetHandleVerifier [0x00E109C2+594722]
	GetHandleVerifier [0x00E17EDC+624700]
	(No symbol) [0x00D237CD]
	(No symbol) [0x00D20528]
	(No symbol) [0x00D206C5]
	(No symbol) [0x00D12CA6]
	BaseThreadInitThunk [0x771D7BA9+25]
	RtlInitializeExceptionChain [0x77B6C0CB+107]
	RtlClearBits [0x77B6C04F+191]

2024-10-14 13:52:45,192:ERROR:An unexpected error occurred: add_log() missing 1 required positional argument: 'log_container'
2024-10-14 13:54:17,143:INFO:====== WebDriver manager ======
2024-10-14 13:54:17,905:INFO:Get LATEST chromedriver version for google-chrome
2024-10-14 13:54:17,951:INFO:Get LATEST chromedriver version for google-chrome
2024-10-14 13:54:17,995:INFO:Driver [C:\Users\acer\.wdm\drivers\chromedriver\win64\129.0.6668.100\chromedriver-win32/chromedriver.exe] found in cache
2024-10-14 13:54:52,316:ERROR:Could not access /safesearch?prev=https://www.google.com/search?q%3DDevOps%2BEngineer%2Bhiring%2Bcontact%2Bemail%26num%3D5&sa=X&ved=2ahUKEwj-huaBuY2JAxXrkZUCHXh-JM4Q8JsIegQICRAH: Message: invalid argument
  (Session info: chrome=129.0.6668.90)
Stacktrace:
	GetHandleVerifier [0x00D85523+24195]
	(No symbol) [0x00D1AA04]
	(No symbol) [0x00C11F09]
	(No symbol) [0x00BFDB26]
	(No symbol) [0x00BFC373]
	(No symbol) [0x00BFC99B]
	(No symbol) [0x00C14B04]
	(No symbol) [0x00C95CD7]
	(No symbol) [0x00C7AB3C]
	(No symbol) [0x00C95280]
	(No symbol) [0x00C7A8D6]
	(No symbol) [0x00C4BA27]
	(No symbol) [0x00C4C43D]
	GetHandleVerifier [0x0104CE13+2938739]
	GetHandleVerifier [0x0109EC69+3274185]
	GetHandleVerifier [0x00E109C2+594722]
	GetHandleVerifier [0x00E17EDC+624700]
	(No symbol) [0x00D237CD]
	(No symbol) [0x00D20528]
	(No symbol) [0x00D206C5]
	(No symbol) [0x00D12CA6]
	BaseThreadInitThunk [0x771D7BA9+25]
	RtlInitializeExceptionChain [0x77B6C0CB+107]
	RtlClearBits [0x77B6C04F+191]

2024-10-14 13:54:52,341:ERROR:Could not access /preferences?lang=1&hl=en&prev=https://www.google.com/search?q%3DDevOps%2BEngineer%2Bhiring%2Bcontact%2Bemail%26num%3D5%26sca_esv%3D0c9a5caa59a05c8d#languages: Message: invalid argument
  (Session info: chrome=129.0.6668.90)
Stacktrace:
	GetHandleVerifier [0x00D85523+24195]
	(No symbol) [0x00D1AA04]
	(No symbol) [0x00C11F09]
	(No symbol) [0x00BFDB26]
	(No symbol) [0x00BFC373]
	(No symbol) [0x00BFC99B]
	(No symbol) [0x00C14B04]
	(No symbol) [0x00C95CD7]
	(No symbol) [0x00C7AB3C]
	(No symbol) [0x00C95280]
	(No symbol) [0x00C7A8D6]
	(No symbol) [0x00C4BA27]
	(No symbol) [0x00C4C43D]
	GetHandleVerifier [0x0104CE13+2938739]
	GetHandleVerifier [0x0109EC69+3274185]
	GetHandleVerifier [0x00E109C2+594722]
	GetHandleVerifier [0x00E17EDC+624700]
	(No symbol) [0x00D237CD]
	(No symbol) [0x00D20528]
	(No symbol) [0x00D206C5]
	(No symbol) [0x00D12CA6]
	BaseThreadInitThunk [0x771D7BA9+25]
	RtlInitializeExceptionChain [0x77B6C0CB+107]
	RtlClearBits [0x77B6C04F+191]

2024-10-14 13:54:52,345:ERROR:Could not access /setprefs?hl=en&prev=https://www.google.com/search?q%3DDevOps%2BEngineer%2Bhiring%2Bcontact%2Bemail%26num%3D5%26pccc%3D1&sig=0_QEpR3zkucamX7A40bs3_wbNu44s%3D&cs=2&sa=X&ved=2ahUKEwj-huaBuY2JAxXrkZUCHXh-JM4QqsEHegQICRAJ&ictx=1: Message: invalid argument
  (Session info: chrome=129.0.6668.90)
Stacktrace:
	GetHandleVerifier [0x00D85523+24195]
	(No symbol) [0x00D1AA04]
	(No symbol) [0x00C11F09]
	(No symbol) [0x00BFDB26]
	(No symbol) [0x00BFC373]
	(No symbol) [0x00BFC99B]
	(No symbol) [0x00C14B04]
	(No symbol) [0x00C95CD7]
	(No symbol) [0x00C7AB3C]
	(No symbol) [0x00C95280]
	(No symbol) [0x00C7A8D6]
	(No symbol) [0x00C4BA27]
	(No symbol) [0x00C4C43D]
	GetHandleVerifier [0x0104CE13+2938739]
	GetHandleVerifier [0x0109EC69+3274185]
	GetHandleVerifier [0x00E109C2+594722]
	GetHandleVerifier [0x00E17EDC+624700]
	(No symbol) [0x00D237CD]
	(No symbol) [0x00D20528]
	(No symbol) [0x00D206C5]
	(No symbol) [0x00D12CA6]
	BaseThreadInitThunk [0x771D7BA9+25]
	RtlInitializeExceptionChain [0x77B6C0CB+107]
	RtlClearBits [0x77B6C04F+191]

2024-10-14 13:54:52,348:ERROR:Could not access /preferences?hl=en&prev=https://www.google.com/search?q%3DDevOps%2BEngineer%2Bhiring%2Bcontact%2Bemail%26num%3D5%26sca_esv%3D0c9a5caa59a05c8d: Message: invalid argument
  (Session info: chrome=129.0.6668.90)
Stacktrace:
	GetHandleVerifier [0x00D85523+24195]
	(No symbol) [0x00D1AA04]
	(No symbol) [0x00C11F09]
	(No symbol) [0x00BFDB26]
	(No symbol) [0x00BFC373]
	(No symbol) [0x00BFC99B]
	(No symbol) [0x00C14B04]
	(No symbol) [0x00C95CD7]
	(No symbol) [0x00C7AB3C]
	(No symbol) [0x00C95280]
	(No symbol) [0x00C7A8D6]
	(No symbol) [0x00C4BA27]
	(No symbol) [0x00C4C43D]
	GetHandleVerifier [0x0104CE13+2938739]
	GetHandleVerifier [0x0109EC69+3274185]
	GetHandleVerifier [0x00E109C2+594722]
	GetHandleVerifier [0x00E17EDC+624700]
	(No symbol) [0x00D237CD]
	(No symbol) [0x00D20528]
	(No symbol) [0x00D206C5]
	(No symbol) [0x00D12CA6]
	BaseThreadInitThunk [0x771D7BA9+25]
	RtlInitializeExceptionChain [0x77B6C0CB+107]
	RtlClearBits [0x77B6C04F+191]

2024-10-14 14:00:38,092:INFO:====== WebDriver manager ======
2024-10-14 14:00:38,875:INFO:Get LATEST chromedriver version for google-chrome
2024-10-14 14:00:39,127:INFO:Get LATEST chromedriver version for google-chrome
2024-10-14 14:00:39,216:INFO:Driver [C:\Users\acer\.wdm\drivers\chromedriver\win64\129.0.6668.100\chromedriver-win32/chromedriver.exe] found in cache
2024-10-14 14:01:21,800:ERROR:Could not access /safesearch?prev=https://www.google.com/search?q%3DDevOps%2BEngineer%2Bhiring%2Bcontact%2Bemail%26num%3D5&sa=X&ved=2ahUKEwiYl823uo2JAxXqr5UCHTFiFYcQ8JsIegQIBxAH: Message: invalid argument
  (Session info: chrome=129.0.6668.90)
Stacktrace:
	GetHandleVerifier [0x00D85523+24195]
	(No symbol) [0x00D1AA04]
	(No symbol) [0x00C11F09]
	(No symbol) [0x00BFDB26]
	(No symbol) [0x00BFC373]
	(No symbol) [0x00BFC99B]
	(No symbol) [0x00C14B04]
	(No symbol) [0x00C95CD7]
	(No symbol) [0x00C7AB3C]
	(No symbol) [0x00C95280]
	(No symbol) [0x00C7A8D6]
	(No symbol) [0x00C4BA27]
	(No symbol) [0x00C4C43D]
	GetHandleVerifier [0x0104CE13+2938739]
	GetHandleVerifier [0x0109EC69+3274185]
	GetHandleVerifier [0x00E109C2+594722]
	GetHandleVerifier [0x00E17EDC+624700]
	(No symbol) [0x00D237CD]
	(No symbol) [0x00D20528]
	(No symbol) [0x00D206C5]
	(No symbol) [0x00D12CA6]
	BaseThreadInitThunk [0x771D7BA9+25]
	RtlInitializeExceptionChain [0x77B6C0CB+107]
	RtlClearBits [0x77B6C04F+191]

2024-10-14 14:01:21,804:ERROR:Could not access /preferences?lang=1&hl=en&prev=https://www.google.com/search?q%3DDevOps%2BEngineer%2Bhiring%2Bcontact%2Bemail%26num%3D5%26sca_esv%3D0c9a5caa59a05c8d#languages: Message: invalid argument
  (Session info: chrome=129.0.6668.90)
Stacktrace:
	GetHandleVerifier [0x00D85523+24195]
	(No symbol) [0x00D1AA04]
	(No symbol) [0x00C11F09]
	(No symbol) [0x00BFDB26]
	(No symbol) [0x00BFC373]
	(No symbol) [0x00BFC99B]
	(No symbol) [0x00C14B04]
	(No symbol) [0x00C95CD7]
	(No symbol) [0x00C7AB3C]
	(No symbol) [0x00C95280]
	(No symbol) [0x00C7A8D6]
	(No symbol) [0x00C4BA27]
	(No symbol) [0x00C4C43D]
	GetHandleVerifier [0x0104CE13+2938739]
	GetHandleVerifier [0x0109EC69+3274185]
	GetHandleVerifier [0x00E109C2+594722]
	GetHandleVerifier [0x00E17EDC+624700]
	(No symbol) [0x00D237CD]
	(No symbol) [0x00D20528]
	(No symbol) [0x00D206C5]
	(No symbol) [0x00D12CA6]
	BaseThreadInitThunk [0x771D7BA9+25]
	RtlInitializeExceptionChain [0x77B6C0CB+107]
	RtlClearBits [0x77B6C04F+191]

2024-10-14 14:01:21,808:ERROR:Could not access /setprefs?hl=en&prev=https://www.google.com/search?q%3DDevOps%2BEngineer%2Bhiring%2Bcontact%2Bemail%26num%3D5%26pccc%3D1&sig=0_dLpLkRW2p-_9wf2QPpdU4g6pwwk%3D&cs=2&sa=X&ved=2ahUKEwiYl823uo2JAxXqr5UCHTFiFYcQqsEHegQIBxAJ&ictx=1: Message: invalid argument
  (Session info: chrome=129.0.6668.90)
Stacktrace:
	GetHandleVerifier [0x00D85523+24195]
	(No symbol) [0x00D1AA04]
	(No symbol) [0x00C11F09]
	(No symbol) [0x00BFDB26]
	(No symbol) [0x00BFC373]
	(No symbol) [0x00BFC99B]
	(No symbol) [0x00C14B04]
	(No symbol) [0x00C95CD7]
	(No symbol) [0x00C7AB3C]
	(No symbol) [0x00C95280]
	(No symbol) [0x00C7A8D6]
	(No symbol) [0x00C4BA27]
	(No symbol) [0x00C4C43D]
	GetHandleVerifier [0x0104CE13+2938739]
	GetHandleVerifier [0x0109EC69+3274185]
	GetHandleVerifier [0x00E109C2+594722]
	GetHandleVerifier [0x00E17EDC+624700]
	(No symbol) [0x00D237CD]
	(No symbol) [0x00D20528]
	(No symbol) [0x00D206C5]
	(No symbol) [0x00D12CA6]
	BaseThreadInitThunk [0x771D7BA9+25]
	RtlInitializeExceptionChain [0x77B6C0CB+107]
	RtlClearBits [0x77B6C04F+191]

2024-10-14 14:01:21,812:ERROR:Could not access /preferences?hl=en&prev=https://www.google.com/search?q%3DDevOps%2BEngineer%2Bhiring%2Bcontact%2Bemail%26num%3D5%26sca_esv%3D0c9a5caa59a05c8d: Message: invalid argument
  (Session info: chrome=129.0.6668.90)
Stacktrace:
	GetHandleVerifier [0x00D85523+24195]
	(No symbol) [0x00D1AA04]
	(No symbol) [0x00C11F09]
	(No symbol) [0x00BFDB26]
	(No symbol) [0x00BFC373]
	(No symbol) [0x00BFC99B]
	(No symbol) [0x00C14B04]
	(No symbol) [0x00C95CD7]
	(No symbol) [0x00C7AB3C]
	(No symbol) [0x00C95280]
	(No symbol) [0x00C7A8D6]
	(No symbol) [0x00C4BA27]
	(No symbol) [0x00C4C43D]
	GetHandleVerifier [0x0104CE13+2938739]
	GetHandleVerifier [0x0109EC69+3274185]
	GetHandleVerifier [0x00E109C2+594722]
	GetHandleVerifier [0x00E17EDC+624700]
	(No symbol) [0x00D237CD]
	(No symbol) [0x00D20528]
	(No symbol) [0x00D206C5]
	(No symbol) [0x00D12CA6]
	BaseThreadInitThunk [0x771D7BA9+25]
	RtlInitializeExceptionChain [0x77B6C0CB+107]
	RtlClearBits [0x77B6C04F+191]

2024-10-14 14:03:17,515:INFO:====== WebDriver manager ======
2024-10-14 14:03:18,200:INFO:Get LATEST chromedriver version for google-chrome
2024-10-14 14:03:18,238:INFO:Get LATEST chromedriver version for google-chrome
2024-10-14 14:03:18,280:INFO:Driver [C:\Users\acer\.wdm\drivers\chromedriver\win64\129.0.6668.100\chromedriver-win32/chromedriver.exe] found in cache
2024-10-14 14:03:57,556:ERROR:Could not access1 /safesearch?prev=https://www.google.com/search?q%3DDevOps%2BEngineer%2Bhiring%2Bcontact%2Bemail%26num%3D5&sa=X&ved=2ahUKEwjkr8ODu42JAxVypZUCHZ9gF3gQ8JsIegQIBBAH: Message: invalid argument
  (Session info: chrome=129.0.6668.90)
Stacktrace:
	GetHandleVerifier [0x00D85523+24195]
	(No symbol) [0x00D1AA04]
	(No symbol) [0x00C11F09]
	(No symbol) [0x00BFDB26]
	(No symbol) [0x00BFC373]
	(No symbol) [0x00BFC99B]
	(No symbol) [0x00C14B04]
	(No symbol) [0x00C95CD7]
	(No symbol) [0x00C7AB3C]
	(No symbol) [0x00C95280]
	(No symbol) [0x00C7A8D6]
	(No symbol) [0x00C4BA27]
	(No symbol) [0x00C4C43D]
	GetHandleVerifier [0x0104CE13+2938739]
	GetHandleVerifier [0x0109EC69+3274185]
	GetHandleVerifier [0x00E109C2+594722]
	GetHandleVerifier [0x00E17EDC+624700]
	(No symbol) [0x00D237CD]
	(No symbol) [0x00D20528]
	(No symbol) [0x00D206C5]
	(No symbol) [0x00D12CA6]
	BaseThreadInitThunk [0x771D7BA9+25]
	RtlInitializeExceptionChain [0x77B6C0CB+107]
	RtlClearBits [0x77B6C04F+191]

2024-10-14 14:03:57,560:ERROR:Could not access1 /preferences?lang=1&hl=en&prev=https://www.google.com/search?q%3DDevOps%2BEngineer%2Bhiring%2Bcontact%2Bemail%26num%3D5%26sca_esv%3D0c9a5caa59a05c8d#languages: Message: invalid argument
  (Session info: chrome=129.0.6668.90)
Stacktrace:
	GetHandleVerifier [0x00D85523+24195]
	(No symbol) [0x00D1AA04]
	(No symbol) [0x00C11F09]
	(No symbol) [0x00BFDB26]
	(No symbol) [0x00BFC373]
	(No symbol) [0x00BFC99B]
	(No symbol) [0x00C14B04]
	(No symbol) [0x00C95CD7]
	(No symbol) [0x00C7AB3C]
	(No symbol) [0x00C95280]
	(No symbol) [0x00C7A8D6]
	(No symbol) [0x00C4BA27]
	(No symbol) [0x00C4C43D]
	GetHandleVerifier [0x0104CE13+2938739]
	GetHandleVerifier [0x0109EC69+3274185]
	GetHandleVerifier [0x00E109C2+594722]
	GetHandleVerifier [0x00E17EDC+624700]
	(No symbol) [0x00D237CD]
	(No symbol) [0x00D20528]
	(No symbol) [0x00D206C5]
	(No symbol) [0x00D12CA6]
	BaseThreadInitThunk [0x771D7BA9+25]
	RtlInitializeExceptionChain [0x77B6C0CB+107]
	RtlClearBits [0x77B6C04F+191]

2024-10-14 14:03:57,565:ERROR:Could not access1 /setprefs?hl=en&prev=https://www.google.com/search?q%3DDevOps%2BEngineer%2Bhiring%2Bcontact%2Bemail%26num%3D5%26pccc%3D1&sig=0_9ML4o_KsrBjgH3JtiVYO7vnPm6g%3D&cs=2&sa=X&ved=2ahUKEwjkr8ODu42JAxVypZUCHZ9gF3gQqsEHegQIBBAJ&ictx=1: Message: invalid argument
  (Session info: chrome=129.0.6668.90)
Stacktrace:
	GetHandleVerifier [0x00D85523+24195]
	(No symbol) [0x00D1AA04]
	(No symbol) [0x00C11F09]
	(No symbol) [0x00BFDB26]
	(No symbol) [0x00BFC373]
	(No symbol) [0x00BFC99B]
	(No symbol) [0x00C14B04]
	(No symbol) [0x00C95CD7]
	(No symbol) [0x00C7AB3C]
	(No symbol) [0x00C95280]
	(No symbol) [0x00C7A8D6]
	(No symbol) [0x00C4BA27]
	(No symbol) [0x00C4C43D]
	GetHandleVerifier [0x0104CE13+2938739]
	GetHandleVerifier [0x0109EC69+3274185]
	GetHandleVerifier [0x00E109C2+594722]
	GetHandleVerifier [0x00E17EDC+624700]
	(No symbol) [0x00D237CD]
	(No symbol) [0x00D20528]
	(No symbol) [0x00D206C5]
	(No symbol) [0x00D12CA6]
	BaseThreadInitThunk [0x771D7BA9+25]
	RtlInitializeExceptionChain [0x77B6C0CB+107]
	RtlClearBits [0x77B6C04F+191]

2024-10-14 14:03:57,569:ERROR:Could not access1 /preferences?hl=en&prev=https://www.google.com/search?q%3DDevOps%2BEngineer%2Bhiring%2Bcontact%2Bemail%26num%3D5%26sca_esv%3D0c9a5caa59a05c8d: Message: invalid argument
  (Session info: chrome=129.0.6668.90)
Stacktrace:
	GetHandleVerifier [0x00D85523+24195]
	(No symbol) [0x00D1AA04]
	(No symbol) [0x00C11F09]
	(No symbol) [0x00BFDB26]
	(No symbol) [0x00BFC373]
	(No symbol) [0x00BFC99B]
	(No symbol) [0x00C14B04]
	(No symbol) [0x00C95CD7]
	(No symbol) [0x00C7AB3C]
	(No symbol) [0x00C95280]
	(No symbol) [0x00C7A8D6]
	(No symbol) [0x00C4BA27]
	(No symbol) [0x00C4C43D]
	GetHandleVerifier [0x0104CE13+2938739]
	GetHandleVerifier [0x0109EC69+3274185]
	GetHandleVerifier [0x00E109C2+594722]
	GetHandleVerifier [0x00E17EDC+624700]
	(No symbol) [0x00D237CD]
	(No symbol) [0x00D20528]
	(No symbol) [0x00D206C5]
	(No symbol) [0x00D12CA6]
	BaseThreadInitThunk [0x771D7BA9+25]
	RtlInitializeExceptionChain [0x77B6C0CB+107]
	RtlClearBits [0x77B6C04F+191]

2024-10-14 14:04:57,648:INFO:====== WebDriver manager ======
2024-10-14 14:04:58,436:INFO:Get LATEST chromedriver version for google-chrome
2024-10-14 14:04:58,529:INFO:Get LATEST chromedriver version for google-chrome
2024-10-14 14:04:58,566:INFO:Driver [C:\Users\acer\.wdm\drivers\chromedriver\win64\129.0.6668.100\chromedriver-win32/chromedriver.exe] found in cache
2024-10-14 14:05:39,243:ERROR:Could not access1 /safesearch?prev=https://www.google.com/search?q%3DDevOps%2BEngineer%2Bhiring%2Bcontact%2Bemail%26num%3D5&sa=X&ved=2ahUKEwjE8IO0u42JAxVop5UCHeUgAk4Q8JsIegQIBRAH: Message: invalid argument
  (Session info: chrome=129.0.6668.90)
Stacktrace:
	GetHandleVerifier [0x00D85523+24195]
	(No symbol) [0x00D1AA04]
	(No symbol) [0x00C11F09]
	(No symbol) [0x00BFDB26]
	(No symbol) [0x00BFC373]
	(No symbol) [0x00BFC99B]
	(No symbol) [0x00C14B04]
	(No symbol) [0x00C95CD7]
	(No symbol) [0x00C7AB3C]
	(No symbol) [0x00C95280]
	(No symbol) [0x00C7A8D6]
	(No symbol) [0x00C4BA27]
	(No symbol) [0x00C4C43D]
	GetHandleVerifier [0x0104CE13+2938739]
	GetHandleVerifier [0x0109EC69+3274185]
	GetHandleVerifier [0x00E109C2+594722]
	GetHandleVerifier [0x00E17EDC+624700]
	(No symbol) [0x00D237CD]
	(No symbol) [0x00D20528]
	(No symbol) [0x00D206C5]
	(No symbol) [0x00D12CA6]
	BaseThreadInitThunk [0x771D7BA9+25]
	RtlInitializeExceptionChain [0x77B6C0CB+107]
	RtlClearBits [0x77B6C04F+191]

2024-10-14 14:05:39,245:ERROR:Could not access1 /preferences?lang=1&hl=en&prev=https://www.google.com/search?q%3DDevOps%2BEngineer%2Bhiring%2Bcontact%2Bemail%26num%3D5%26sca_esv%3D0c9a5caa59a05c8d#languages: Message: invalid argument
  (Session info: chrome=129.0.6668.90)
Stacktrace:
	GetHandleVerifier [0x00D85523+24195]
	(No symbol) [0x00D1AA04]
	(No symbol) [0x00C11F09]
	(No symbol) [0x00BFDB26]
	(No symbol) [0x00BFC373]
	(No symbol) [0x00BFC99B]
	(No symbol) [0x00C14B04]
	(No symbol) [0x00C95CD7]
	(No symbol) [0x00C7AB3C]
	(No symbol) [0x00C95280]
	(No symbol) [0x00C7A8D6]
	(No symbol) [0x00C4BA27]
	(No symbol) [0x00C4C43D]
	GetHandleVerifier [0x0104CE13+2938739]
	GetHandleVerifier [0x0109EC69+3274185]
	GetHandleVerifier [0x00E109C2+594722]
	GetHandleVerifier [0x00E17EDC+624700]
	(No symbol) [0x00D237CD]
	(No symbol) [0x00D20528]
	(No symbol) [0x00D206C5]
	(No symbol) [0x00D12CA6]
	BaseThreadInitThunk [0x771D7BA9+25]
	RtlInitializeExceptionChain [0x77B6C0CB+107]
	RtlClearBits [0x77B6C04F+191]

2024-10-14 14:05:39,249:ERROR:Could not access1 /setprefs?hl=en&prev=https://www.google.com/search?q%3DDevOps%2BEngineer%2Bhiring%2Bcontact%2Bemail%26num%3D5%26pccc%3D1&sig=0_aglKV0UWj0wVJ4ikM6kAa5kNI6w%3D&cs=2&sa=X&ved=2ahUKEwjE8IO0u42JAxVop5UCHeUgAk4QqsEHegQIBRAJ&ictx=1: Message: invalid argument
  (Session info: chrome=129.0.6668.90)
Stacktrace:
	GetHandleVerifier [0x00D85523+24195]
	(No symbol) [0x00D1AA04]
	(No symbol) [0x00C11F09]
	(No symbol) [0x00BFDB26]
	(No symbol) [0x00BFC373]
	(No symbol) [0x00BFC99B]
	(No symbol) [0x00C14B04]
	(No symbol) [0x00C95CD7]
	(No symbol) [0x00C7AB3C]
	(No symbol) [0x00C95280]
	(No symbol) [0x00C7A8D6]
	(No symbol) [0x00C4BA27]
	(No symbol) [0x00C4C43D]
	GetHandleVerifier [0x0104CE13+2938739]
	GetHandleVerifier [0x0109EC69+3274185]
	GetHandleVerifier [0x00E109C2+594722]
	GetHandleVerifier [0x00E17EDC+624700]
	(No symbol) [0x00D237CD]
	(No symbol) [0x00D20528]
	(No symbol) [0x00D206C5]
	(No symbol) [0x00D12CA6]
	BaseThreadInitThunk [0x771D7BA9+25]
	RtlInitializeExceptionChain [0x77B6C0CB+107]
	RtlClearBits [0x77B6C04F+191]

2024-10-14 14:05:39,252:ERROR:Could not access1 /preferences?hl=en&prev=https://www.google.com/search?q%3DDevOps%2BEngineer%2Bhiring%2Bcontact%2Bemail%26num%3D5%26sca_esv%3D0c9a5caa59a05c8d: Message: invalid argument
  (Session info: chrome=129.0.6668.90)
Stacktrace:
	GetHandleVerifier [0x00D85523+24195]
	(No symbol) [0x00D1AA04]
	(No symbol) [0x00C11F09]
	(No symbol) [0x00BFDB26]
	(No symbol) [0x00BFC373]
	(No symbol) [0x00BFC99B]
	(No symbol) [0x00C14B04]
	(No symbol) [0x00C95CD7]
	(No symbol) [0x00C7AB3C]
	(No symbol) [0x00C95280]
	(No symbol) [0x00C7A8D6]
	(No symbol) [0x00C4BA27]
	(No symbol) [0x00C4C43D]
	GetHandleVerifier [0x0104CE13+2938739]
	GetHandleVerifier [0x0109EC69+3274185]
	GetHandleVerifier [0x00E109C2+594722]
	GetHandleVerifier [0x00E17EDC+624700]
	(No symbol) [0x00D237CD]
	(No symbol) [0x00D20528]
	(No symbol) [0x00D206C5]
	(No symbol) [0x00D12CA6]
	BaseThreadInitThunk [0x771D7BA9+25]
	RtlInitializeExceptionChain [0x77B6C0CB+107]
	RtlClearBits [0x77B6C04F+191]

2024-10-14 14:08:51,031:INFO:====== WebDriver manager ======
2024-10-14 14:08:51,732:INFO:Get LATEST chromedriver version for google-chrome
2024-10-14 14:08:51,777:INFO:Get LATEST chromedriver version for google-chrome
2024-10-14 14:08:51,814:INFO:Driver [C:\Users\acer\.wdm\drivers\chromedriver\win64\129.0.6668.100\chromedriver-win32/chromedriver.exe] found in cache
2024-10-14 14:09:30,789:ERROR:Could not access /safesearch?prev=https://www.google.com/search?q%3DDevOps%2BEngineer%2Bhiring%2Bcontact%2Bemail%26num%3D5&sa=X&ved=2ahUKEwil_7qivI2JAxVHrZUCHegrKNAQ8JsIegQIAxAH: Message: invalid argument
  (Session info: chrome=129.0.6668.90)
Stacktrace:
	GetHandleVerifier [0x00D85523+24195]
	(No symbol) [0x00D1AA04]
	(No symbol) [0x00C11F09]
	(No symbol) [0x00BFDB26]
	(No symbol) [0x00BFC373]
	(No symbol) [0x00BFC99B]
	(No symbol) [0x00C14B04]
	(No symbol) [0x00C95CD7]
	(No symbol) [0x00C7AB3C]
	(No symbol) [0x00C95280]
	(No symbol) [0x00C7A8D6]
	(No symbol) [0x00C4BA27]
	(No symbol) [0x00C4C43D]
	GetHandleVerifier [0x0104CE13+2938739]
	GetHandleVerifier [0x0109EC69+3274185]
	GetHandleVerifier [0x00E109C2+594722]
	GetHandleVerifier [0x00E17EDC+624700]
	(No symbol) [0x00D237CD]
	(No symbol) [0x00D20528]
	(No symbol) [0x00D206C5]
	(No symbol) [0x00D12CA6]
	BaseThreadInitThunk [0x771D7BA9+25]
	RtlInitializeExceptionChain [0x77B6C0CB+107]
	RtlClearBits [0x77B6C04F+191]

2024-10-14 14:09:30,795:ERROR:Could not access /preferences?lang=1&hl=en&prev=https://www.google.com/search?q%3DDevOps%2BEngineer%2Bhiring%2Bcontact%2Bemail%26num%3D5%26sca_esv%3D0c9a5caa59a05c8d#languages: Message: invalid argument
  (Session info: chrome=129.0.6668.90)
Stacktrace:
	GetHandleVerifier [0x00D85523+24195]
	(No symbol) [0x00D1AA04]
	(No symbol) [0x00C11F09]
	(No symbol) [0x00BFDB26]
	(No symbol) [0x00BFC373]
	(No symbol) [0x00BFC99B]
	(No symbol) [0x00C14B04]
	(No symbol) [0x00C95CD7]
	(No symbol) [0x00C7AB3C]
	(No symbol) [0x00C95280]
	(No symbol) [0x00C7A8D6]
	(No symbol) [0x00C4BA27]
	(No symbol) [0x00C4C43D]
	GetHandleVerifier [0x0104CE13+2938739]
	GetHandleVerifier [0x0109EC69+3274185]
	GetHandleVerifier [0x00E109C2+594722]
	GetHandleVerifier [0x00E17EDC+624700]
	(No symbol) [0x00D237CD]
	(No symbol) [0x00D20528]
	(No symbol) [0x00D206C5]
	(No symbol) [0x00D12CA6]
	BaseThreadInitThunk [0x771D7BA9+25]
	RtlInitializeExceptionChain [0x77B6C0CB+107]
	RtlClearBits [0x77B6C04F+191]

2024-10-14 14:09:30,801:ERROR:Could not access /setprefs?hl=en&prev=https://www.google.com/search?q%3DDevOps%2BEngineer%2Bhiring%2Bcontact%2Bemail%26num%3D5%26pccc%3D1&sig=0_xktP9tZlkD27XExW3FQVcR-DctQ%3D&cs=2&sa=X&ved=2ahUKEwil_7qivI2JAxVHrZUCHegrKNAQqsEHegQIAxAJ&ictx=1: Message: invalid argument
  (Session info: chrome=129.0.6668.90)
Stacktrace:
	GetHandleVerifier [0x00D85523+24195]
	(No symbol) [0x00D1AA04]
	(No symbol) [0x00C11F09]
	(No symbol) [0x00BFDB26]
	(No symbol) [0x00BFC373]
	(No symbol) [0x00BFC99B]
	(No symbol) [0x00C14B04]
	(No symbol) [0x00C95CD7]
	(No symbol) [0x00C7AB3C]
	(No symbol) [0x00C95280]
	(No symbol) [0x00C7A8D6]
	(No symbol) [0x00C4BA27]
	(No symbol) [0x00C4C43D]
	GetHandleVerifier [0x0104CE13+2938739]
	GetHandleVerifier [0x0109EC69+3274185]
	GetHandleVerifier [0x00E109C2+594722]
	GetHandleVerifier [0x00E17EDC+624700]
	(No symbol) [0x00D237CD]
	(No symbol) [0x00D20528]
	(No symbol) [0x00D206C5]
	(No symbol) [0x00D12CA6]
	BaseThreadInitThunk [0x771D7BA9+25]
	RtlInitializeExceptionChain [0x77B6C0CB+107]
	RtlClearBits [0x77B6C04F+191]

2024-10-14 14:09:30,808:ERROR:Could not access /preferences?hl=en&prev=https://www.google.com/search?q%3DDevOps%2BEngineer%2Bhiring%2Bcontact%2Bemail%26num%3D5%26sca_esv%3D0c9a5caa59a05c8d: Message: invalid argument
  (Session info: chrome=129.0.6668.90)
Stacktrace:
	GetHandleVerifier [0x00D85523+24195]
	(No symbol) [0x00D1AA04]
	(No symbol) [0x00C11F09]
	(No symbol) [0x00BFDB26]
	(No symbol) [0x00BFC373]
	(No symbol) [0x00BFC99B]
	(No symbol) [0x00C14B04]
	(No symbol) [0x00C95CD7]
	(No symbol) [0x00C7AB3C]
	(No symbol) [0x00C95280]
	(No symbol) [0x00C7A8D6]
	(No symbol) [0x00C4BA27]
	(No symbol) [0x00C4C43D]
	GetHandleVerifier [0x0104CE13+2938739]
	GetHandleVerifier [0x0109EC69+3274185]
	GetHandleVerifier [0x00E109C2+594722]
	GetHandleVerifier [0x00E17EDC+624700]
	(No symbol) [0x00D237CD]
	(No symbol) [0x00D20528]
	(No symbol) [0x00D206C5]
	(No symbol) [0x00D12CA6]
	BaseThreadInitThunk [0x771D7BA9+25]
	RtlInitializeExceptionChain [0x77B6C0CB+107]
	RtlClearBits [0x77B6C04F+191]

2024-10-14 14:10:42,052:INFO:====== WebDriver manager ======
2024-10-14 14:10:42,843:INFO:Get LATEST chromedriver version for google-chrome
2024-10-14 14:10:42,888:INFO:Get LATEST chromedriver version for google-chrome
2024-10-14 14:10:42,974:INFO:Driver [C:\Users\acer\.wdm\drivers\chromedriver\win64\129.0.6668.100\chromedriver-win32/chromedriver.exe] found in cache
2024-10-14 14:11:25,330:ERROR:Could not access /safesearch?prev=https://www.google.com/search?q%3DDevOps%2BEngineer%2Bhiring%2Bcontact%2Bemail%26num%3D5&sa=X&ved=2ahUKEwiU4c_XvI2JAxVlrpUCHdTaBFIQ8JsIegQICBAH: Message: invalid argument
  (Session info: chrome=129.0.6668.90)
Stacktrace:
	GetHandleVerifier [0x00D85523+24195]
	(No symbol) [0x00D1AA04]
	(No symbol) [0x00C11F09]
	(No symbol) [0x00BFDB26]
	(No symbol) [0x00BFC373]
	(No symbol) [0x00BFC99B]
	(No symbol) [0x00C14B04]
	(No symbol) [0x00C95CD7]
	(No symbol) [0x00C7AB3C]
	(No symbol) [0x00C95280]
	(No symbol) [0x00C7A8D6]
	(No symbol) [0x00C4BA27]
	(No symbol) [0x00C4C43D]
	GetHandleVerifier [0x0104CE13+2938739]
	GetHandleVerifier [0x0109EC69+3274185]
	GetHandleVerifier [0x00E109C2+594722]
	GetHandleVerifier [0x00E17EDC+624700]
	(No symbol) [0x00D237CD]
	(No symbol) [0x00D20528]
	(No symbol) [0x00D206C5]
	(No symbol) [0x00D12CA6]
	BaseThreadInitThunk [0x771D7BA9+25]
	RtlInitializeExceptionChain [0x77B6C0CB+107]
	RtlClearBits [0x77B6C04F+191]

2024-10-14 14:11:25,334:ERROR:Could not access /preferences?lang=1&hl=en&prev=https://www.google.com/search?q%3DDevOps%2BEngineer%2Bhiring%2Bcontact%2Bemail%26num%3D5%26sca_esv%3D0c9a5caa59a05c8d#languages: Message: invalid argument
  (Session info: chrome=129.0.6668.90)
Stacktrace:
	GetHandleVerifier [0x00D85523+24195]
	(No symbol) [0x00D1AA04]
	(No symbol) [0x00C11F09]
	(No symbol) [0x00BFDB26]
	(No symbol) [0x00BFC373]
	(No symbol) [0x00BFC99B]
	(No symbol) [0x00C14B04]
	(No symbol) [0x00C95CD7]
	(No symbol) [0x00C7AB3C]
	(No symbol) [0x00C95280]
	(No symbol) [0x00C7A8D6]
	(No symbol) [0x00C4BA27]
	(No symbol) [0x00C4C43D]
	GetHandleVerifier [0x0104CE13+2938739]
	GetHandleVerifier [0x0109EC69+3274185]
	GetHandleVerifier [0x00E109C2+594722]
	GetHandleVerifier [0x00E17EDC+624700]
	(No symbol) [0x00D237CD]
	(No symbol) [0x00D20528]
	(No symbol) [0x00D206C5]
	(No symbol) [0x00D12CA6]
	BaseThreadInitThunk [0x771D7BA9+25]
	RtlInitializeExceptionChain [0x77B6C0CB+107]
	RtlClearBits [0x77B6C04F+191]

2024-10-14 14:11:25,337:ERROR:Could not access /setprefs?hl=en&prev=https://www.google.com/search?q%3DDevOps%2BEngineer%2Bhiring%2Bcontact%2Bemail%26num%3D5%26pccc%3D1&sig=0_sIgT-uEnfht5imFgVg-HLrfGVdQ%3D&cs=2&sa=X&ved=2ahUKEwiU4c_XvI2JAxVlrpUCHdTaBFIQqsEHegQICBAJ&ictx=1: Message: invalid argument
  (Session info: chrome=129.0.6668.90)
Stacktrace:
	GetHandleVerifier [0x00D85523+24195]
	(No symbol) [0x00D1AA04]
	(No symbol) [0x00C11F09]
	(No symbol) [0x00BFDB26]
	(No symbol) [0x00BFC373]
	(No symbol) [0x00BFC99B]
	(No symbol) [0x00C14B04]
	(No symbol) [0x00C95CD7]
	(No symbol) [0x00C7AB3C]
	(No symbol) [0x00C95280]
	(No symbol) [0x00C7A8D6]
	(No symbol) [0x00C4BA27]
	(No symbol) [0x00C4C43D]
	GetHandleVerifier [0x0104CE13+2938739]
	GetHandleVerifier [0x0109EC69+3274185]
	GetHandleVerifier [0x00E109C2+594722]
	GetHandleVerifier [0x00E17EDC+624700]
	(No symbol) [0x00D237CD]
	(No symbol) [0x00D20528]
	(No symbol) [0x00D206C5]
	(No symbol) [0x00D12CA6]
	BaseThreadInitThunk [0x771D7BA9+25]
	RtlInitializeExceptionChain [0x77B6C0CB+107]
	RtlClearBits [0x77B6C04F+191]

2024-10-14 14:11:25,341:ERROR:Could not access /preferences?hl=en&prev=https://www.google.com/search?q%3DDevOps%2BEngineer%2Bhiring%2Bcontact%2Bemail%26num%3D5%26sca_esv%3D0c9a5caa59a05c8d: Message: invalid argument
  (Session info: chrome=129.0.6668.90)
Stacktrace:
	GetHandleVerifier [0x00D85523+24195]
	(No symbol) [0x00D1AA04]
	(No symbol) [0x00C11F09]
	(No symbol) [0x00BFDB26]
	(No symbol) [0x00BFC373]
	(No symbol) [0x00BFC99B]
	(No symbol) [0x00C14B04]
	(No symbol) [0x00C95CD7]
	(No symbol) [0x00C7AB3C]
	(No symbol) [0x00C95280]
	(No symbol) [0x00C7A8D6]
	(No symbol) [0x00C4BA27]
	(No symbol) [0x00C4C43D]
	GetHandleVerifier [0x0104CE13+2938739]
	GetHandleVerifier [0x0109EC69+3274185]
	GetHandleVerifier [0x00E109C2+594722]
	GetHandleVerifier [0x00E17EDC+624700]
	(No symbol) [0x00D237CD]
	(No symbol) [0x00D20528]
	(No symbol) [0x00D206C5]
	(No symbol) [0x00D12CA6]
	BaseThreadInitThunk [0x771D7BA9+25]
	RtlInitializeExceptionChain [0x77B6C0CB+107]
	RtlClearBits [0x77B6C04F+191]

2024-10-14 14:13:03,396:INFO:====== WebDriver manager ======
2024-10-14 14:13:04,199:INFO:Get LATEST chromedriver version for google-chrome
2024-10-14 14:13:04,306:INFO:Get LATEST chromedriver version for google-chrome
2024-10-14 14:13:04,378:INFO:Driver [C:\Users\acer\.wdm\drivers\chromedriver\win64\129.0.6668.100\chromedriver-win32/chromedriver.exe] found in cache
2024-10-14 14:13:41,184:ERROR:Could not access /safesearch?prev=https://www.google.com/search?q%3DDevOps%2BEngineer%2Bhiring%2Bcontact%2Bemail%26num%3D5&sa=X&ved=2ahUKEwiygf-avY2JAxUuq5UCHTwaA9wQ8JsIegQIBxAH: Message: invalid argument
  (Session info: chrome=129.0.6668.90)
Stacktrace:
	GetHandleVerifier [0x00D85523+24195]
	(No symbol) [0x00D1AA04]
	(No symbol) [0x00C11F09]
	(No symbol) [0x00BFDB26]
	(No symbol) [0x00BFC373]
	(No symbol) [0x00BFC99B]
	(No symbol) [0x00C14B04]
	(No symbol) [0x00C95CD7]
	(No symbol) [0x00C7AB3C]
	(No symbol) [0x00C95280]
	(No symbol) [0x00C7A8D6]
	(No symbol) [0x00C4BA27]
	(No symbol) [0x00C4C43D]
	GetHandleVerifier [0x0104CE13+2938739]
	GetHandleVerifier [0x0109EC69+3274185]
	GetHandleVerifier [0x00E109C2+594722]
	GetHandleVerifier [0x00E17EDC+624700]
	(No symbol) [0x00D237CD]
	(No symbol) [0x00D20528]
	(No symbol) [0x00D206C5]
	(No symbol) [0x00D12CA6]
	BaseThreadInitThunk [0x771D7BA9+25]
	RtlInitializeExceptionChain [0x77B6C0CB+107]
	RtlClearBits [0x77B6C04F+191]

2024-10-14 14:13:41,189:ERROR:Could not access /preferences?lang=1&hl=en&prev=https://www.google.com/search?q%3DDevOps%2BEngineer%2Bhiring%2Bcontact%2Bemail%26num%3D5%26sca_esv%3D0c9a5caa59a05c8d#languages: Message: invalid argument
  (Session info: chrome=129.0.6668.90)
Stacktrace:
	GetHandleVerifier [0x00D85523+24195]
	(No symbol) [0x00D1AA04]
	(No symbol) [0x00C11F09]
	(No symbol) [0x00BFDB26]
	(No symbol) [0x00BFC373]
	(No symbol) [0x00BFC99B]
	(No symbol) [0x00C14B04]
	(No symbol) [0x00C95CD7]
	(No symbol) [0x00C7AB3C]
	(No symbol) [0x00C95280]
	(No symbol) [0x00C7A8D6]
	(No symbol) [0x00C4BA27]
	(No symbol) [0x00C4C43D]
	GetHandleVerifier [0x0104CE13+2938739]
	GetHandleVerifier [0x0109EC69+3274185]
	GetHandleVerifier [0x00E109C2+594722]
	GetHandleVerifier [0x00E17EDC+624700]
	(No symbol) [0x00D237CD]
	(No symbol) [0x00D20528]
	(No symbol) [0x00D206C5]
	(No symbol) [0x00D12CA6]
	BaseThreadInitThunk [0x771D7BA9+25]
	RtlInitializeExceptionChain [0x77B6C0CB+107]
	RtlClearBits [0x77B6C04F+191]

2024-10-14 14:13:41,195:ERROR:Could not access /setprefs?hl=en&prev=https://www.google.com/search?q%3DDevOps%2BEngineer%2Bhiring%2Bcontact%2Bemail%26num%3D5%26pccc%3D1&sig=0_M94q9vSV1zBBzisLPaCFVjwyIvc%3D&cs=2&sa=X&ved=2ahUKEwiygf-avY2JAxUuq5UCHTwaA9wQqsEHegQIBxAJ&ictx=1: Message: invalid argument
  (Session info: chrome=129.0.6668.90)
Stacktrace:
	GetHandleVerifier [0x00D85523+24195]
	(No symbol) [0x00D1AA04]
	(No symbol) [0x00C11F09]
	(No symbol) [0x00BFDB26]
	(No symbol) [0x00BFC373]
	(No symbol) [0x00BFC99B]
	(No symbol) [0x00C14B04]
	(No symbol) [0x00C95CD7]
	(No symbol) [0x00C7AB3C]
	(No symbol) [0x00C95280]
	(No symbol) [0x00C7A8D6]
	(No symbol) [0x00C4BA27]
	(No symbol) [0x00C4C43D]
	GetHandleVerifier [0x0104CE13+2938739]
	GetHandleVerifier [0x0109EC69+3274185]
	GetHandleVerifier [0x00E109C2+594722]
	GetHandleVerifier [0x00E17EDC+624700]
	(No symbol) [0x00D237CD]
	(No symbol) [0x00D20528]
	(No symbol) [0x00D206C5]
	(No symbol) [0x00D12CA6]
	BaseThreadInitThunk [0x771D7BA9+25]
	RtlInitializeExceptionChain [0x77B6C0CB+107]
	RtlClearBits [0x77B6C04F+191]

2024-10-14 14:13:41,199:ERROR:Could not access /preferences?hl=en&prev=https://www.google.com/search?q%3DDevOps%2BEngineer%2Bhiring%2Bcontact%2Bemail%26num%3D5%26sca_esv%3D0c9a5caa59a05c8d: Message: invalid argument
  (Session info: chrome=129.0.6668.90)
Stacktrace:
	GetHandleVerifier [0x00D85523+24195]
	(No symbol) [0x00D1AA04]
	(No symbol) [0x00C11F09]
	(No symbol) [0x00BFDB26]
	(No symbol) [0x00BFC373]
	(No symbol) [0x00BFC99B]
	(No symbol) [0x00C14B04]
	(No symbol) [0x00C95CD7]
	(No symbol) [0x00C7AB3C]
	(No symbol) [0x00C95280]
	(No symbol) [0x00C7A8D6]
	(No symbol) [0x00C4BA27]
	(No symbol) [0x00C4C43D]
	GetHandleVerifier [0x0104CE13+2938739]
	GetHandleVerifier [0x0109EC69+3274185]
	GetHandleVerifier [0x00E109C2+594722]
	GetHandleVerifier [0x00E17EDC+624700]
	(No symbol) [0x00D237CD]
	(No symbol) [0x00D20528]
	(No symbol) [0x00D206C5]
	(No symbol) [0x00D12CA6]
	BaseThreadInitThunk [0x771D7BA9+25]
	RtlInitializeExceptionChain [0x77B6C0CB+107]
	RtlClearBits [0x77B6C04F+191]

